14:50:00 [Skill] INFO  Skill:139 - Connecting to Furhat server on 130.229.185.157:1932
14:50:00 [Broker Client] WARN  Event:194 - Could not set field hash with type class java.lang.String on builder class furhatos.event.monitors.MonitorSkillConnect$Builder : null
14:50:00 [Broker Client] WARN  Event:196 - Verify that the SDK/Robot and Skill have the same version of furhat-commons
14:50:00 [FruitsellertemplateSkill] INFO  FruitsellertemplateSkill:166 - Starting skill
14:50:03 [Broker Client] WARN  Event:194 - Could not set field completed with type class java.lang.Boolean on builder class furhatos.event.monitors.MonitorGestureEnd$Builder : null
14:50:03 [Broker Client] WARN  Event:196 - Verify that the SDK/Robot and Skill have the same version of furhat-commons
14:50:05 [Broker Client] WARN  Event:194 - Could not set field completed with type class java.lang.Boolean on builder class furhatos.event.monitors.MonitorGestureEnd$Builder : null
14:50:05 [Broker Client] WARN  Event:196 - Verify that the SDK/Robot and Skill have the same version of furhat-commons
14:50:07 [Broker Client] WARN  Event:194 - Could not set field completed with type class java.lang.Boolean on builder class furhatos.event.monitors.MonitorGestureEnd$Builder : null
14:50:07 [Broker Client] WARN  Event:196 - Verify that the SDK/Robot and Skill have the same version of furhat-commons
14:50:08 [Broker Client] WARN  Event:194 - Could not set field completed with type class java.lang.Boolean on builder class furhatos.event.monitors.MonitorGestureEnd$Builder : null
14:50:08 [Broker Client] WARN  Event:196 - Verify that the SDK/Robot and Skill have the same version of furhat-commons
14:50:09 [Broker Client] WARN  Event:194 - Could not set field completed with type class java.lang.Boolean on builder class furhatos.event.monitors.MonitorGestureEnd$Builder : null
14:50:09 [Broker Client] WARN  Event:196 - Verify that the SDK/Robot and Skill have the same version of furhat-commons
14:50:11 [Broker Client] WARN  Event:194 - Could not set field completed with type class java.lang.Boolean on builder class furhatos.event.monitors.MonitorGestureEnd$Builder : null
14:50:11 [Broker Client] WARN  Event:196 - Verify that the SDK/Robot and Skill have the same version of furhat-commons
14:50:11 [Broker Client] WARN  Event:194 - Could not set field completed with type class java.lang.Boolean on builder class furhatos.event.monitors.MonitorGestureEnd$Builder : null
14:50:11 [Broker Client] WARN  Event:196 - Verify that the SDK/Robot and Skill have the same version of furhat-commons
14:50:13 [Broker Client] WARN  Event:194 - Could not set field completed with type class java.lang.Boolean on builder class furhatos.event.monitors.MonitorGestureEnd$Builder : null
14:50:13 [Broker Client] WARN  Event:196 - Verify that the SDK/Robot and Skill have the same version of furhat-commons
14:50:17 [Broker Client] WARN  Event:194 - Could not set field completed with type class java.lang.Boolean on builder class furhatos.event.monitors.MonitorGestureEnd$Builder : null
14:50:17 [Broker Client] WARN  Event:196 - Verify that the SDK/Robot and Skill have the same version of furhat-commons
14:50:19 [Broker Client] WARN  Event:194 - Could not set field completed with type class java.lang.Boolean on builder class furhatos.event.monitors.MonitorGestureEnd$Builder : null
14:50:19 [Broker Client] WARN  Event:196 - Verify that the SDK/Robot and Skill have the same version of furhat-commons
14:50:19 [Broker Client] WARN  Event:194 - Could not set field completed with type class java.lang.Boolean on builder class furhatos.event.monitors.MonitorGestureEnd$Builder : null
14:50:19 [Broker Client] WARN  Event:196 - Verify that the SDK/Robot and Skill have the same version of furhat-commons
14:50:21 [Broker Client] WARN  Event:194 - Could not set field completed with type class java.lang.Boolean on builder class furhatos.event.monitors.MonitorGestureEnd$Builder : null
14:50:21 [Broker Client] WARN  Event:196 - Verify that the SDK/Robot and Skill have the same version of furhat-commons
14:50:23 [Broker Client] WARN  Event:194 - Could not set field completed with type class java.lang.Boolean on builder class furhatos.event.monitors.MonitorGestureEnd$Builder : null
14:50:23 [Broker Client] WARN  Event:196 - Verify that the SDK/Robot and Skill have the same version of furhat-commons
14:50:24 [Broker Client] WARN  Event:194 - Could not set field completed with type class java.lang.Boolean on builder class furhatos.event.monitors.MonitorGestureEnd$Builder : null
14:50:24 [Broker Client] WARN  Event:196 - Verify that the SDK/Robot and Skill have the same version of furhat-commons
14:50:27 [Broker Client] WARN  Event:194 - Could not set field completed with type class java.lang.Boolean on builder class furhatos.event.monitors.MonitorGestureEnd$Builder : null
14:50:27 [Broker Client] WARN  Event:196 - Verify that the SDK/Robot and Skill have the same version of furhat-commons
14:50:29 [Broker Client] WARN  Event:194 - Could not set field completed with type class java.lang.Boolean on builder class furhatos.event.monitors.MonitorGestureEnd$Builder : null
14:50:29 [Broker Client] WARN  Event:196 - Verify that the SDK/Robot and Skill have the same version of furhat-commons
14:50:29 [Broker Client] WARN  Event:194 - Could not set field completed with type class java.lang.Boolean on builder class furhatos.event.monitors.MonitorGestureEnd$Builder : null
14:50:29 [Broker Client] WARN  Event:196 - Verify that the SDK/Robot and Skill have the same version of furhat-commons
14:50:34 [Broker Client] WARN  Event:194 - Could not set field completed with type class java.lang.Boolean on builder class furhatos.event.monitors.MonitorGestureEnd$Builder : null
14:50:34 [Broker Client] WARN  Event:196 - Verify that the SDK/Robot and Skill have the same version of furhat-commons
14:50:35 [Broker Client] WARN  Event:194 - Could not set field completed with type class java.lang.Boolean on builder class furhatos.event.monitors.MonitorGestureEnd$Builder : null
14:50:35 [Broker Client] WARN  Event:196 - Verify that the SDK/Robot and Skill have the same version of furhat-commons
14:50:35 [Broker Client] WARN  Event:194 - Could not set field completed with type class java.lang.Boolean on builder class furhatos.event.monitors.MonitorGestureEnd$Builder : null
14:50:35 [Broker Client] WARN  Event:196 - Verify that the SDK/Robot and Skill have the same version of furhat-commons
14:50:37 [Broker Client] WARN  Event:194 - Could not set field completed with type class java.lang.Boolean on builder class furhatos.event.monitors.MonitorGestureEnd$Builder : null
14:50:37 [Broker Client] WARN  Event:196 - Verify that the SDK/Robot and Skill have the same version of furhat-commons
14:50:41 [Broker Client] WARN  Event:194 - Could not set field completed with type class java.lang.Boolean on builder class furhatos.event.monitors.MonitorGestureEnd$Builder : null
14:50:41 [Broker Client] WARN  Event:196 - Verify that the SDK/Robot and Skill have the same version of furhat-commons
14:50:42 [Broker Client] WARN  Event:194 - Could not set field completed with type class java.lang.Boolean on builder class furhatos.event.monitors.MonitorGestureEnd$Builder : null
14:50:42 [Broker Client] WARN  Event:196 - Verify that the SDK/Robot and Skill have the same version of furhat-commons
14:50:42 [Broker Client] WARN  Event:194 - Could not set field completed with type class java.lang.Boolean on builder class furhatos.event.monitors.MonitorGestureEnd$Builder : null
14:50:42 [Broker Client] WARN  Event:196 - Verify that the SDK/Robot and Skill have the same version of furhat-commons
14:50:46 [Broker Client] WARN  Event:194 - Could not set field completed with type class java.lang.Boolean on builder class furhatos.event.monitors.MonitorGestureEnd$Builder : null
14:50:46 [Broker Client] WARN  Event:196 - Verify that the SDK/Robot and Skill have the same version of furhat-commons
14:50:47 [Broker Client] WARN  Event:194 - Could not set field completed with type class java.lang.Boolean on builder class furhatos.event.monitors.MonitorGestureEnd$Builder : null
14:50:47 [Broker Client] WARN  Event:196 - Verify that the SDK/Robot and Skill have the same version of furhat-commons
14:50:48 [Broker Client] WARN  Event:194 - Could not set field completed with type class java.lang.Boolean on builder class furhatos.event.monitors.MonitorGestureEnd$Builder : null
14:50:48 [Broker Client] WARN  Event:196 - Verify that the SDK/Robot and Skill have the same version of furhat-commons
14:50:51 [Broker Client] WARN  Event:194 - Could not set field completed with type class java.lang.Boolean on builder class furhatos.event.monitors.MonitorGestureEnd$Builder : null
14:50:51 [Broker Client] WARN  Event:196 - Verify that the SDK/Robot and Skill have the same version of furhat-commons
14:50:51 [Broker Client] WARN  Event:194 - Could not set field completed with type class java.lang.Boolean on builder class furhatos.event.monitors.MonitorGestureEnd$Builder : null
14:50:51 [Broker Client] WARN  Event:196 - Verify that the SDK/Robot and Skill have the same version of furhat-commons
14:50:51 [Broker Client] WARN  Event:194 - Could not set field completed with type class java.lang.Boolean on builder class furhatos.event.monitors.MonitorGestureEnd$Builder : null
14:50:51 [Broker Client] WARN  Event:196 - Verify that the SDK/Robot and Skill have the same version of furhat-commons
14:50:53 [Broker Client] WARN  Event:194 - Could not set field completed with type class java.lang.Boolean on builder class furhatos.event.monitors.MonitorGestureEnd$Builder : null
14:50:53 [Broker Client] WARN  Event:196 - Verify that the SDK/Robot and Skill have the same version of furhat-commons
14:50:55 [Broker Client] WARN  Event:194 - Could not set field completed with type class java.lang.Boolean on builder class furhatos.event.monitors.MonitorGestureEnd$Builder : null
14:50:55 [Broker Client] WARN  Event:196 - Verify that the SDK/Robot and Skill have the same version of furhat-commons
14:50:55 [Broker Client] WARN  Event:194 - Could not set field completed with type class java.lang.Boolean on builder class furhatos.event.monitors.MonitorGestureEnd$Builder : null
14:50:55 [Broker Client] WARN  Event:196 - Verify that the SDK/Robot and Skill have the same version of furhat-commons
14:50:58 [Broker Client] WARN  Event:194 - Could not set field completed with type class java.lang.Boolean on builder class furhatos.event.monitors.MonitorGestureEnd$Builder : null
14:50:58 [Broker Client] WARN  Event:196 - Verify that the SDK/Robot and Skill have the same version of furhat-commons
14:51:00 [Broker Client] WARN  Event:194 - Could not set field completed with type class java.lang.Boolean on builder class furhatos.event.monitors.MonitorGestureEnd$Builder : null
14:51:00 [Broker Client] WARN  Event:196 - Verify that the SDK/Robot and Skill have the same version of furhat-commons
14:51:00 [Broker Client] WARN  Event:194 - Could not set field completed with type class java.lang.Boolean on builder class furhatos.event.monitors.MonitorGestureEnd$Builder : null
14:51:00 [Broker Client] WARN  Event:196 - Verify that the SDK/Robot and Skill have the same version of furhat-commons
14:51:02 [Broker Client] WARN  Event:194 - Could not set field completed with type class java.lang.Boolean on builder class furhatos.event.monitors.MonitorGestureEnd$Builder : null
14:51:02 [Broker Client] WARN  Event:196 - Verify that the SDK/Robot and Skill have the same version of furhat-commons
14:51:05 [Broker Client] WARN  Event:194 - Could not set field completed with type class java.lang.Boolean on builder class furhatos.event.monitors.MonitorGestureEnd$Builder : null
14:51:05 [Broker Client] WARN  Event:196 - Verify that the SDK/Robot and Skill have the same version of furhat-commons
14:51:07 [Broker Client] WARN  Event:194 - Could not set field completed with type class java.lang.Boolean on builder class furhatos.event.monitors.MonitorGestureEnd$Builder : null
14:51:07 [Broker Client] WARN  Event:196 - Verify that the SDK/Robot and Skill have the same version of furhat-commons
14:51:08 [Broker Client] WARN  Event:194 - Could not set field completed with type class java.lang.Boolean on builder class furhatos.event.monitors.MonitorGestureEnd$Builder : null
14:51:08 [Broker Client] WARN  Event:196 - Verify that the SDK/Robot and Skill have the same version of furhat-commons
14:51:08 [Broker Client] WARN  Event:194 - Could not set field completed with type class java.lang.Boolean on builder class furhatos.event.monitors.MonitorGestureEnd$Builder : null
14:51:08 [Broker Client] WARN  Event:196 - Verify that the SDK/Robot and Skill have the same version of furhat-commons
14:51:10 [Broker Client] WARN  Event:194 - Could not set field completed with type class java.lang.Boolean on builder class furhatos.event.monitors.MonitorGestureEnd$Builder : null
14:51:10 [Broker Client] WARN  Event:196 - Verify that the SDK/Robot and Skill have the same version of furhat-commons
14:51:12 [Broker Client] WARN  Event:194 - Could not set field completed with type class java.lang.Boolean on builder class furhatos.event.monitors.MonitorGestureEnd$Builder : null
14:51:12 [Broker Client] WARN  Event:196 - Verify that the SDK/Robot and Skill have the same version of furhat-commons
14:51:14 [Broker Client] WARN  Event:194 - Could not set field completed with type class java.lang.Boolean on builder class furhatos.event.monitors.MonitorGestureEnd$Builder : null
14:51:14 [Broker Client] WARN  Event:196 - Verify that the SDK/Robot and Skill have the same version of furhat-commons
14:51:15 [Broker Client] WARN  Event:194 - Could not set field completed with type class java.lang.Boolean on builder class furhatos.event.monitors.MonitorGestureEnd$Builder : null
14:51:15 [Broker Client] WARN  Event:196 - Verify that the SDK/Robot and Skill have the same version of furhat-commons
14:51:17 [Broker Client] WARN  Event:194 - Could not set field completed with type class java.lang.Boolean on builder class furhatos.event.monitors.MonitorGestureEnd$Builder : null
14:51:17 [Broker Client] WARN  Event:196 - Verify that the SDK/Robot and Skill have the same version of furhat-commons
14:51:17 [Broker Client] WARN  Event:194 - Could not set field completed with type class java.lang.Boolean on builder class furhatos.event.monitors.MonitorGestureEnd$Builder : null
14:51:17 [Broker Client] WARN  Event:196 - Verify that the SDK/Robot and Skill have the same version of furhat-commons
14:51:18 [Broker Client] WARN  Event:194 - Could not set field completed with type class java.lang.Boolean on builder class furhatos.event.monitors.MonitorGestureEnd$Builder : null
14:51:18 [Broker Client] WARN  Event:196 - Verify that the SDK/Robot and Skill have the same version of furhat-commons
14:51:19 [Broker Client] WARN  Event:194 - Could not set field completed with type class java.lang.Boolean on builder class furhatos.event.monitors.MonitorGestureEnd$Builder : null
14:51:19 [Broker Client] WARN  Event:196 - Verify that the SDK/Robot and Skill have the same version of furhat-commons
14:51:20 [Broker Client] WARN  Event:194 - Could not set field completed with type class java.lang.Boolean on builder class furhatos.event.monitors.MonitorGestureEnd$Builder : null
14:51:20 [Broker Client] WARN  Event:196 - Verify that the SDK/Robot and Skill have the same version of furhat-commons
14:51:23 [Broker Client] WARN  Event:194 - Could not set field completed with type class java.lang.Boolean on builder class furhatos.event.monitors.MonitorGestureEnd$Builder : null
14:51:23 [Broker Client] WARN  Event:196 - Verify that the SDK/Robot and Skill have the same version of furhat-commons
14:51:25 [Broker Client] WARN  Event:194 - Could not set field completed with type class java.lang.Boolean on builder class furhatos.event.monitors.MonitorGestureEnd$Builder : null
14:51:25 [Broker Client] WARN  Event:196 - Verify that the SDK/Robot and Skill have the same version of furhat-commons
14:51:28 [Broker Client] WARN  Event:194 - Could not set field completed with type class java.lang.Boolean on builder class furhatos.event.monitors.MonitorGestureEnd$Builder : null
14:51:28 [Broker Client] WARN  Event:196 - Verify that the SDK/Robot and Skill have the same version of furhat-commons
14:51:30 [Broker Client] WARN  Event:194 - Could not set field completed with type class java.lang.Boolean on builder class furhatos.event.monitors.MonitorGestureEnd$Builder : null
14:51:30 [Broker Client] WARN  Event:196 - Verify that the SDK/Robot and Skill have the same version of furhat-commons
14:51:32 [Broker Client] WARN  Event:194 - Could not set field completed with type class java.lang.Boolean on builder class furhatos.event.monitors.MonitorGestureEnd$Builder : null
14:51:32 [Broker Client] WARN  Event:196 - Verify that the SDK/Robot and Skill have the same version of furhat-commons
14:51:34 [Broker Client] WARN  Event:194 - Could not set field completed with type class java.lang.Boolean on builder class furhatos.event.monitors.MonitorGestureEnd$Builder : null
14:51:34 [Broker Client] WARN  Event:196 - Verify that the SDK/Robot and Skill have the same version of furhat-commons
14:51:36 [Broker Client] WARN  Event:194 - Could not set field completed with type class java.lang.Boolean on builder class furhatos.event.monitors.MonitorGestureEnd$Builder : null
14:51:36 [Broker Client] WARN  Event:196 - Verify that the SDK/Robot and Skill have the same version of furhat-commons
14:51:36 [Broker Client] WARN  Event:194 - Could not set field completed with type class java.lang.Boolean on builder class furhatos.event.monitors.MonitorGestureEnd$Builder : null
14:51:36 [Broker Client] WARN  Event:196 - Verify that the SDK/Robot and Skill have the same version of furhat-commons
14:51:40 [Broker Client] WARN  Event:194 - Could not set field completed with type class java.lang.Boolean on builder class furhatos.event.monitors.MonitorGestureEnd$Builder : null
14:51:40 [Broker Client] WARN  Event:196 - Verify that the SDK/Robot and Skill have the same version of furhat-commons
14:51:41 [Broker Client] WARN  Event:194 - Could not set field completed with type class java.lang.Boolean on builder class furhatos.event.monitors.MonitorGestureEnd$Builder : null
14:51:41 [Broker Client] WARN  Event:196 - Verify that the SDK/Robot and Skill have the same version of furhat-commons
14:51:43 [Broker Client] WARN  Event:194 - Could not set field completed with type class java.lang.Boolean on builder class furhatos.event.monitors.MonitorGestureEnd$Builder : null
14:51:43 [Broker Client] WARN  Event:196 - Verify that the SDK/Robot and Skill have the same version of furhat-commons
14:51:44 [Broker Client] WARN  Event:194 - Could not set field completed with type class java.lang.Boolean on builder class furhatos.event.monitors.MonitorGestureEnd$Builder : null
14:51:44 [Broker Client] WARN  Event:196 - Verify that the SDK/Robot and Skill have the same version of furhat-commons
14:51:46 [Broker Client] WARN  Event:194 - Could not set field completed with type class java.lang.Boolean on builder class furhatos.event.monitors.MonitorGestureEnd$Builder : null
14:51:46 [Broker Client] WARN  Event:196 - Verify that the SDK/Robot and Skill have the same version of furhat-commons
14:51:48 [Broker Client] WARN  Event:194 - Could not set field completed with type class java.lang.Boolean on builder class furhatos.event.monitors.MonitorGestureEnd$Builder : null
14:51:48 [Broker Client] WARN  Event:196 - Verify that the SDK/Robot and Skill have the same version of furhat-commons
14:51:50 [Broker Client] WARN  Event:194 - Could not set field completed with type class java.lang.Boolean on builder class furhatos.event.monitors.MonitorGestureEnd$Builder : null
14:51:50 [Broker Client] WARN  Event:196 - Verify that the SDK/Robot and Skill have the same version of furhat-commons
14:51:51 [Broker Client] WARN  Event:194 - Could not set field completed with type class java.lang.Boolean on builder class furhatos.event.monitors.MonitorGestureEnd$Builder : null
14:51:51 [Broker Client] WARN  Event:196 - Verify that the SDK/Robot and Skill have the same version of furhat-commons
14:51:53 [Broker Client] WARN  Event:194 - Could not set field completed with type class java.lang.Boolean on builder class furhatos.event.monitors.MonitorGestureEnd$Builder : null
14:51:53 [Broker Client] WARN  Event:196 - Verify that the SDK/Robot and Skill have the same version of furhat-commons
14:51:53 [Broker Client] WARN  Event:194 - Could not set field completed with type class java.lang.Boolean on builder class furhatos.event.monitors.MonitorGestureEnd$Builder : null
14:51:53 [Broker Client] WARN  Event:196 - Verify that the SDK/Robot and Skill have the same version of furhat-commons
14:51:55 [Broker Client] WARN  Event:194 - Could not set field completed with type class java.lang.Boolean on builder class furhatos.event.monitors.MonitorGestureEnd$Builder : null
14:51:55 [Broker Client] WARN  Event:196 - Verify that the SDK/Robot and Skill have the same version of furhat-commons
14:51:57 [Broker Client] WARN  Event:194 - Could not set field completed with type class java.lang.Boolean on builder class furhatos.event.monitors.MonitorGestureEnd$Builder : null
14:51:57 [Broker Client] WARN  Event:196 - Verify that the SDK/Robot and Skill have the same version of furhat-commons
14:52:00 [Broker Client] WARN  Event:194 - Could not set field completed with type class java.lang.Boolean on builder class furhatos.event.monitors.MonitorGestureEnd$Builder : null
14:52:00 [Broker Client] WARN  Event:196 - Verify that the SDK/Robot and Skill have the same version of furhat-commons
14:52:00 [Broker Client] WARN  Event:194 - Could not set field completed with type class java.lang.Boolean on builder class furhatos.event.monitors.MonitorGestureEnd$Builder : null
14:52:00 [Broker Client] WARN  Event:196 - Verify that the SDK/Robot and Skill have the same version of furhat-commons
14:52:02 [Broker Client] WARN  Event:194 - Could not set field completed with type class java.lang.Boolean on builder class furhatos.event.monitors.MonitorGestureEnd$Builder : null
14:52:02 [Broker Client] WARN  Event:196 - Verify that the SDK/Robot and Skill have the same version of furhat-commons
14:52:04 [Broker Client] WARN  Event:194 - Could not set field completed with type class java.lang.Boolean on builder class furhatos.event.monitors.MonitorGestureEnd$Builder : null
14:52:04 [Broker Client] WARN  Event:196 - Verify that the SDK/Robot and Skill have the same version of furhat-commons
14:52:05 [Broker Client] WARN  Event:194 - Could not set field completed with type class java.lang.Boolean on builder class furhatos.event.monitors.MonitorGestureEnd$Builder : null
14:52:05 [Broker Client] WARN  Event:196 - Verify that the SDK/Robot and Skill have the same version of furhat-commons
14:52:07 [Broker Client] WARN  Event:194 - Could not set field completed with type class java.lang.Boolean on builder class furhatos.event.monitors.MonitorGestureEnd$Builder : null
14:52:07 [Broker Client] WARN  Event:196 - Verify that the SDK/Robot and Skill have the same version of furhat-commons
14:52:09 [Broker Client] WARN  Event:194 - Could not set field completed with type class java.lang.Boolean on builder class furhatos.event.monitors.MonitorGestureEnd$Builder : null
14:52:09 [Broker Client] WARN  Event:196 - Verify that the SDK/Robot and Skill have the same version of furhat-commons
14:52:09 [Broker Client] WARN  Event:194 - Could not set field completed with type class java.lang.Boolean on builder class furhatos.event.monitors.MonitorGestureEnd$Builder : null
14:52:09 [Broker Client] WARN  Event:196 - Verify that the SDK/Robot and Skill have the same version of furhat-commons
14:52:11 [Broker Client] WARN  Event:194 - Could not set field completed with type class java.lang.Boolean on builder class furhatos.event.monitors.MonitorGestureEnd$Builder : null
14:52:11 [Broker Client] WARN  Event:196 - Verify that the SDK/Robot and Skill have the same version of furhat-commons
14:52:11 [Broker Client] WARN  Event:194 - Could not set field completed with type class java.lang.Boolean on builder class furhatos.event.monitors.MonitorGestureEnd$Builder : null
14:52:11 [Broker Client] WARN  Event:196 - Verify that the SDK/Robot and Skill have the same version of furhat-commons
14:52:13 [Broker Client] WARN  Event:194 - Could not set field completed with type class java.lang.Boolean on builder class furhatos.event.monitors.MonitorGestureEnd$Builder : null
14:52:13 [Broker Client] WARN  Event:196 - Verify that the SDK/Robot and Skill have the same version of furhat-commons
14:52:14 [EventSystem] INFO  FruitsellertemplateSkill:184 - Terminating skill
