14:11:08 [Skill] INFO  Skill:139 - Connecting to Furhat server on 130.229.185.157:1932
14:11:08 [Broker Client] WARN  Event:194 - Could not set field hash with type class java.lang.String on builder class furhatos.event.monitors.MonitorSkillConnect$Builder : null
14:11:08 [Broker Client] WARN  Event:196 - Verify that the SDK/Robot and Skill have the same version of furhat-commons
14:11:08 [FruitsellertemplateSkill] INFO  FruitsellertemplateSkill:166 - Starting skill
14:11:11 [Broker Client] WARN  Event:194 - Could not set field completed with type class java.lang.Boolean on builder class furhatos.event.monitors.MonitorGestureEnd$Builder : null
14:11:11 [Broker Client] WARN  Event:196 - Verify that the SDK/Robot and Skill have the same version of furhat-commons
14:11:12 [Broker Client] WARN  Event:194 - Could not set field completed with type class java.lang.Boolean on builder class furhatos.event.monitors.MonitorGestureEnd$Builder : null
14:11:12 [Broker Client] WARN  Event:196 - Verify that the SDK/Robot and Skill have the same version of furhat-commons
14:11:16 [Broker Client] WARN  Event:194 - Could not set field completed with type class java.lang.Boolean on builder class furhatos.event.monitors.MonitorGestureEnd$Builder : null
14:11:16 [Broker Client] WARN  Event:196 - Verify that the SDK/Robot and Skill have the same version of furhat-commons
14:11:18 [Broker Client] WARN  Event:194 - Could not set field completed with type class java.lang.Boolean on builder class furhatos.event.monitors.MonitorGestureEnd$Builder : null
14:11:18 [Broker Client] WARN  Event:196 - Verify that the SDK/Robot and Skill have the same version of furhat-commons
14:11:19 [Broker Client] WARN  Event:194 - Could not set field completed with type class java.lang.Boolean on builder class furhatos.event.monitors.MonitorGestureEnd$Builder : null
14:11:19 [Broker Client] WARN  Event:196 - Verify that the SDK/Robot and Skill have the same version of furhat-commons
14:11:21 [Broker Client] WARN  Event:194 - Could not set field completed with type class java.lang.Boolean on builder class furhatos.event.monitors.MonitorGestureEnd$Builder : null
14:11:21 [Broker Client] WARN  Event:196 - Verify that the SDK/Robot and Skill have the same version of furhat-commons
14:11:22 [Broker Client] WARN  Event:194 - Could not set field completed with type class java.lang.Boolean on builder class furhatos.event.monitors.MonitorGestureEnd$Builder : null
14:11:22 [Broker Client] WARN  Event:196 - Verify that the SDK/Robot and Skill have the same version of furhat-commons
14:11:26 [Broker Client] WARN  Event:194 - Could not set field completed with type class java.lang.Boolean on builder class furhatos.event.monitors.MonitorGestureEnd$Builder : null
14:11:26 [Broker Client] WARN  Event:196 - Verify that the SDK/Robot and Skill have the same version of furhat-commons
14:11:26 [Broker Client] WARN  Event:194 - Could not set field completed with type class java.lang.Boolean on builder class furhatos.event.monitors.MonitorGestureEnd$Builder : null
14:11:26 [Broker Client] WARN  Event:196 - Verify that the SDK/Robot and Skill have the same version of furhat-commons
14:11:27 [Broker Client] WARN  Event:194 - Could not set field completed with type class java.lang.Boolean on builder class furhatos.event.monitors.MonitorGestureEnd$Builder : null
14:11:27 [Broker Client] WARN  Event:196 - Verify that the SDK/Robot and Skill have the same version of furhat-commons
14:11:29 [Broker Client] WARN  Event:194 - Could not set field completed with type class java.lang.Boolean on builder class furhatos.event.monitors.MonitorGestureEnd$Builder : null
14:11:29 [Broker Client] WARN  Event:196 - Verify that the SDK/Robot and Skill have the same version of furhat-commons
14:11:30 [Broker Client] WARN  Event:194 - Could not set field completed with type class java.lang.Boolean on builder class furhatos.event.monitors.MonitorGestureEnd$Builder : null
14:11:30 [Broker Client] WARN  Event:196 - Verify that the SDK/Robot and Skill have the same version of furhat-commons
14:11:33 [Broker Client] WARN  Event:194 - Could not set field completed with type class java.lang.Boolean on builder class furhatos.event.monitors.MonitorGestureEnd$Builder : null
14:11:33 [Broker Client] WARN  Event:196 - Verify that the SDK/Robot and Skill have the same version of furhat-commons
14:11:36 [Broker Client] WARN  Event:194 - Could not set field completed with type class java.lang.Boolean on builder class furhatos.event.monitors.MonitorGestureEnd$Builder : null
14:11:36 [Broker Client] WARN  Event:196 - Verify that the SDK/Robot and Skill have the same version of furhat-commons
14:11:38 [Broker Client] WARN  Event:194 - Could not set field completed with type class java.lang.Boolean on builder class furhatos.event.monitors.MonitorGestureEnd$Builder : null
14:11:38 [Broker Client] WARN  Event:196 - Verify that the SDK/Robot and Skill have the same version of furhat-commons
14:11:38 [Broker Client] WARN  Event:194 - Could not set field completed with type class java.lang.Boolean on builder class furhatos.event.monitors.MonitorGestureEnd$Builder : null
14:11:38 [Broker Client] WARN  Event:196 - Verify that the SDK/Robot and Skill have the same version of furhat-commons
14:11:41 [Broker Client] WARN  Event:194 - Could not set field completed with type class java.lang.Boolean on builder class furhatos.event.monitors.MonitorGestureEnd$Builder : null
14:11:41 [Broker Client] WARN  Event:196 - Verify that the SDK/Robot and Skill have the same version of furhat-commons
14:11:42 [Broker Client] WARN  Event:194 - Could not set field completed with type class java.lang.Boolean on builder class furhatos.event.monitors.MonitorGestureEnd$Builder : null
14:11:42 [Broker Client] WARN  Event:196 - Verify that the SDK/Robot and Skill have the same version of furhat-commons
14:11:43 [Broker Client] WARN  Event:194 - Could not set field completed with type class java.lang.Boolean on builder class furhatos.event.monitors.MonitorGestureEnd$Builder : null
14:11:43 [Broker Client] WARN  Event:196 - Verify that the SDK/Robot and Skill have the same version of furhat-commons
14:11:46 [Broker Client] WARN  Event:194 - Could not set field completed with type class java.lang.Boolean on builder class furhatos.event.monitors.MonitorGestureEnd$Builder : null
14:11:46 [Broker Client] WARN  Event:196 - Verify that the SDK/Robot and Skill have the same version of furhat-commons
14:11:46 [Broker Client] WARN  Event:194 - Could not set field completed with type class java.lang.Boolean on builder class furhatos.event.monitors.MonitorGestureEnd$Builder : null
14:11:46 [Broker Client] WARN  Event:196 - Verify that the SDK/Robot and Skill have the same version of furhat-commons
14:11:48 [Broker Client] WARN  Event:194 - Could not set field completed with type class java.lang.Boolean on builder class furhatos.event.monitors.MonitorGestureEnd$Builder : null
14:11:48 [Broker Client] WARN  Event:196 - Verify that the SDK/Robot and Skill have the same version of furhat-commons
14:11:50 [Broker Client] WARN  Event:194 - Could not set field completed with type class java.lang.Boolean on builder class furhatos.event.monitors.MonitorGestureEnd$Builder : null
14:11:50 [Broker Client] WARN  Event:196 - Verify that the SDK/Robot and Skill have the same version of furhat-commons
14:11:51 [Broker Client] WARN  Event:194 - Could not set field completed with type class java.lang.Boolean on builder class furhatos.event.monitors.MonitorGestureEnd$Builder : null
14:11:51 [Broker Client] WARN  Event:196 - Verify that the SDK/Robot and Skill have the same version of furhat-commons
14:11:53 [Broker Client] WARN  Event:194 - Could not set field completed with type class java.lang.Boolean on builder class furhatos.event.monitors.MonitorGestureEnd$Builder : null
14:11:53 [Broker Client] WARN  Event:196 - Verify that the SDK/Robot and Skill have the same version of furhat-commons
14:11:56 [Broker Client] WARN  Event:194 - Could not set field completed with type class java.lang.Boolean on builder class furhatos.event.monitors.MonitorGestureEnd$Builder : null
14:11:56 [Broker Client] WARN  Event:196 - Verify that the SDK/Robot and Skill have the same version of furhat-commons
14:11:56 [Broker Client] WARN  Event:194 - Could not set field completed with type class java.lang.Boolean on builder class furhatos.event.monitors.MonitorGestureEnd$Builder : null
14:11:56 [Broker Client] WARN  Event:196 - Verify that the SDK/Robot and Skill have the same version of furhat-commons
14:11:58 [Broker Client] WARN  Event:194 - Could not set field completed with type class java.lang.Boolean on builder class furhatos.event.monitors.MonitorGestureEnd$Builder : null
14:11:58 [Broker Client] WARN  Event:196 - Verify that the SDK/Robot and Skill have the same version of furhat-commons
14:12:01 [Broker Client] WARN  Event:194 - Could not set field completed with type class java.lang.Boolean on builder class furhatos.event.monitors.MonitorGestureEnd$Builder : null
14:12:01 [Broker Client] WARN  Event:196 - Verify that the SDK/Robot and Skill have the same version of furhat-commons
14:12:05 [Broker Client] WARN  Event:194 - Could not set field completed with type class java.lang.Boolean on builder class furhatos.event.monitors.MonitorGestureEnd$Builder : null
14:12:05 [Broker Client] WARN  Event:196 - Verify that the SDK/Robot and Skill have the same version of furhat-commons
14:12:12 [Broker Client] WARN  Event:194 - Could not set field completed with type class java.lang.Boolean on builder class furhatos.event.monitors.MonitorGestureEnd$Builder : null
14:12:12 [Broker Client] WARN  Event:196 - Verify that the SDK/Robot and Skill have the same version of furhat-commons
14:12:16 [Broker Client] WARN  Event:194 - Could not set field completed with type class java.lang.Boolean on builder class furhatos.event.monitors.MonitorGestureEnd$Builder : null
14:12:16 [Broker Client] WARN  Event:196 - Verify that the SDK/Robot and Skill have the same version of furhat-commons
14:12:22 [Broker Client] WARN  Event:194 - Could not set field completed with type class java.lang.Boolean on builder class furhatos.event.monitors.MonitorGestureEnd$Builder : null
14:12:22 [Broker Client] WARN  Event:196 - Verify that the SDK/Robot and Skill have the same version of furhat-commons
14:12:28 [Broker Client] WARN  Event:194 - Could not set field completed with type class java.lang.Boolean on builder class furhatos.event.monitors.MonitorGestureEnd$Builder : null
14:12:28 [Broker Client] WARN  Event:196 - Verify that the SDK/Robot and Skill have the same version of furhat-commons
14:12:31 [Broker Client] WARN  Event:194 - Could not set field completed with type class java.lang.Boolean on builder class furhatos.event.monitors.MonitorGestureEnd$Builder : null
14:12:31 [Broker Client] WARN  Event:196 - Verify that the SDK/Robot and Skill have the same version of furhat-commons
14:12:39 [Broker Client] WARN  Event:194 - Could not set field completed with type class java.lang.Boolean on builder class furhatos.event.monitors.MonitorGestureEnd$Builder : null
14:12:39 [Broker Client] WARN  Event:196 - Verify that the SDK/Robot and Skill have the same version of furhat-commons
14:12:43 [Broker Client] WARN  Event:194 - Could not set field completed with type class java.lang.Boolean on builder class furhatos.event.monitors.MonitorGestureEnd$Builder : null
14:12:43 [Broker Client] WARN  Event:196 - Verify that the SDK/Robot and Skill have the same version of furhat-commons
14:12:46 [Broker Client] WARN  Event:194 - Could not set field completed with type class java.lang.Boolean on builder class furhatos.event.monitors.MonitorGestureEnd$Builder : null
14:12:46 [Broker Client] WARN  Event:196 - Verify that the SDK/Robot and Skill have the same version of furhat-commons
14:12:50 [Broker Client] WARN  Event:194 - Could not set field completed with type class java.lang.Boolean on builder class furhatos.event.monitors.MonitorGestureEnd$Builder : null
14:12:50 [Broker Client] WARN  Event:196 - Verify that the SDK/Robot and Skill have the same version of furhat-commons
14:12:56 [Broker Client] WARN  Event:194 - Could not set field completed with type class java.lang.Boolean on builder class furhatos.event.monitors.MonitorGestureEnd$Builder : null
14:12:56 [Broker Client] WARN  Event:196 - Verify that the SDK/Robot and Skill have the same version of furhat-commons
14:12:59 [Broker Client] WARN  Event:194 - Could not set field completed with type class java.lang.Boolean on builder class furhatos.event.monitors.MonitorGestureEnd$Builder : null
14:12:59 [Broker Client] WARN  Event:196 - Verify that the SDK/Robot and Skill have the same version of furhat-commons
14:13:06 [Broker Client] WARN  Event:194 - Could not set field completed with type class java.lang.Boolean on builder class furhatos.event.monitors.MonitorGestureEnd$Builder : null
14:13:06 [Broker Client] WARN  Event:196 - Verify that the SDK/Robot and Skill have the same version of furhat-commons
14:13:14 [Broker Client] WARN  Event:194 - Could not set field completed with type class java.lang.Boolean on builder class furhatos.event.monitors.MonitorGestureEnd$Builder : null
14:13:14 [Broker Client] WARN  Event:196 - Verify that the SDK/Robot and Skill have the same version of furhat-commons
14:13:16 [Broker Client] WARN  Event:194 - Could not set field completed with type class java.lang.Boolean on builder class furhatos.event.monitors.MonitorGestureEnd$Builder : null
14:13:16 [Broker Client] WARN  Event:196 - Verify that the SDK/Robot and Skill have the same version of furhat-commons
14:13:22 [Broker Client] WARN  Event:194 - Could not set field completed with type class java.lang.Boolean on builder class furhatos.event.monitors.MonitorGestureEnd$Builder : null
14:13:22 [Broker Client] WARN  Event:196 - Verify that the SDK/Robot and Skill have the same version of furhat-commons
14:13:25 [Broker Client] WARN  Event:194 - Could not set field completed with type class java.lang.Boolean on builder class furhatos.event.monitors.MonitorGestureEnd$Builder : null
14:13:25 [Broker Client] WARN  Event:196 - Verify that the SDK/Robot and Skill have the same version of furhat-commons
14:13:31 [Broker Client] WARN  Event:194 - Could not set field completed with type class java.lang.Boolean on builder class furhatos.event.monitors.MonitorGestureEnd$Builder : null
14:13:31 [Broker Client] WARN  Event:196 - Verify that the SDK/Robot and Skill have the same version of furhat-commons
14:13:36 [Broker Client] WARN  Event:194 - Could not set field completed with type class java.lang.Boolean on builder class furhatos.event.monitors.MonitorGestureEnd$Builder : null
14:13:36 [Broker Client] WARN  Event:196 - Verify that the SDK/Robot and Skill have the same version of furhat-commons
14:13:41 [Broker Client] WARN  Event:194 - Could not set field completed with type class java.lang.Boolean on builder class furhatos.event.monitors.MonitorGestureEnd$Builder : null
14:13:41 [Broker Client] WARN  Event:196 - Verify that the SDK/Robot and Skill have the same version of furhat-commons
14:13:47 [Broker Client] WARN  Event:194 - Could not set field completed with type class java.lang.Boolean on builder class furhatos.event.monitors.MonitorGestureEnd$Builder : null
14:13:47 [Broker Client] WARN  Event:196 - Verify that the SDK/Robot and Skill have the same version of furhat-commons
14:13:55 [Broker Client] WARN  Event:194 - Could not set field completed with type class java.lang.Boolean on builder class furhatos.event.monitors.MonitorGestureEnd$Builder : null
14:13:55 [Broker Client] WARN  Event:196 - Verify that the SDK/Robot and Skill have the same version of furhat-commons
14:14:00 [Broker Client] WARN  Event:194 - Could not set field completed with type class java.lang.Boolean on builder class furhatos.event.monitors.MonitorGestureEnd$Builder : null
14:14:00 [Broker Client] WARN  Event:196 - Verify that the SDK/Robot and Skill have the same version of furhat-commons
14:14:06 [Broker Client] WARN  Event:194 - Could not set field completed with type class java.lang.Boolean on builder class furhatos.event.monitors.MonitorGestureEnd$Builder : null
14:14:06 [Broker Client] WARN  Event:196 - Verify that the SDK/Robot and Skill have the same version of furhat-commons
14:14:13 [Broker Client] WARN  Event:194 - Could not set field completed with type class java.lang.Boolean on builder class furhatos.event.monitors.MonitorGestureEnd$Builder : null
14:14:13 [Broker Client] WARN  Event:196 - Verify that the SDK/Robot and Skill have the same version of furhat-commons
14:14:16 [Broker Client] WARN  Event:194 - Could not set field completed with type class java.lang.Boolean on builder class furhatos.event.monitors.MonitorGestureEnd$Builder : null
14:14:16 [Broker Client] WARN  Event:196 - Verify that the SDK/Robot and Skill have the same version of furhat-commons
14:14:19 [Broker Client] WARN  Event:194 - Could not set field completed with type class java.lang.Boolean on builder class furhatos.event.monitors.MonitorGestureEnd$Builder : null
14:14:19 [Broker Client] WARN  Event:196 - Verify that the SDK/Robot and Skill have the same version of furhat-commons
14:14:25 [Broker Client] WARN  Event:194 - Could not set field completed with type class java.lang.Boolean on builder class furhatos.event.monitors.MonitorGestureEnd$Builder : null
14:14:25 [Broker Client] WARN  Event:196 - Verify that the SDK/Robot and Skill have the same version of furhat-commons
14:14:32 [Broker Client] WARN  Event:194 - Could not set field completed with type class java.lang.Boolean on builder class furhatos.event.monitors.MonitorGestureEnd$Builder : null
14:14:32 [Broker Client] WARN  Event:196 - Verify that the SDK/Robot and Skill have the same version of furhat-commons
14:14:34 [Broker Client] WARN  Event:194 - Could not set field completed with type class java.lang.Boolean on builder class furhatos.event.monitors.MonitorGestureEnd$Builder : null
14:14:34 [Broker Client] WARN  Event:196 - Verify that the SDK/Robot and Skill have the same version of furhat-commons
14:14:39 [Broker Client] WARN  Event:194 - Could not set field completed with type class java.lang.Boolean on builder class furhatos.event.monitors.MonitorGestureEnd$Builder : null
14:14:39 [Broker Client] WARN  Event:196 - Verify that the SDK/Robot and Skill have the same version of furhat-commons
14:14:46 [Broker Client] WARN  Event:194 - Could not set field completed with type class java.lang.Boolean on builder class furhatos.event.monitors.MonitorGestureEnd$Builder : null
14:14:46 [Broker Client] WARN  Event:196 - Verify that the SDK/Robot and Skill have the same version of furhat-commons
14:14:54 [Broker Client] WARN  Event:194 - Could not set field completed with type class java.lang.Boolean on builder class furhatos.event.monitors.MonitorGestureEnd$Builder : null
14:14:54 [Broker Client] WARN  Event:196 - Verify that the SDK/Robot and Skill have the same version of furhat-commons
14:14:57 [Broker Client] WARN  Event:194 - Could not set field completed with type class java.lang.Boolean on builder class furhatos.event.monitors.MonitorGestureEnd$Builder : null
14:14:57 [Broker Client] WARN  Event:196 - Verify that the SDK/Robot and Skill have the same version of furhat-commons
14:15:05 [Broker Client] WARN  Event:194 - Could not set field completed with type class java.lang.Boolean on builder class furhatos.event.monitors.MonitorGestureEnd$Builder : null
14:15:05 [Broker Client] WARN  Event:196 - Verify that the SDK/Robot and Skill have the same version of furhat-commons
14:15:11 [Broker Client] WARN  Event:194 - Could not set field completed with type class java.lang.Boolean on builder class furhatos.event.monitors.MonitorGestureEnd$Builder : null
14:15:11 [Broker Client] WARN  Event:196 - Verify that the SDK/Robot and Skill have the same version of furhat-commons
14:15:14 [Broker Client] WARN  Event:194 - Could not set field completed with type class java.lang.Boolean on builder class furhatos.event.monitors.MonitorGestureEnd$Builder : null
14:15:14 [Broker Client] WARN  Event:196 - Verify that the SDK/Robot and Skill have the same version of furhat-commons
14:15:16 [Broker Client] WARN  Event:194 - Could not set field completed with type class java.lang.Boolean on builder class furhatos.event.monitors.MonitorGestureEnd$Builder : null
14:15:16 [Broker Client] WARN  Event:196 - Verify that the SDK/Robot and Skill have the same version of furhat-commons
14:15:23 [Broker Client] WARN  Event:194 - Could not set field completed with type class java.lang.Boolean on builder class furhatos.event.monitors.MonitorGestureEnd$Builder : null
14:15:23 [Broker Client] WARN  Event:196 - Verify that the SDK/Robot and Skill have the same version of furhat-commons
14:15:29 [Broker Client] WARN  Event:194 - Could not set field completed with type class java.lang.Boolean on builder class furhatos.event.monitors.MonitorGestureEnd$Builder : null
14:15:29 [Broker Client] WARN  Event:196 - Verify that the SDK/Robot and Skill have the same version of furhat-commons
14:15:34 [Broker Client] WARN  Event:194 - Could not set field completed with type class java.lang.Boolean on builder class furhatos.event.monitors.MonitorGestureEnd$Builder : null
14:15:34 [Broker Client] WARN  Event:196 - Verify that the SDK/Robot and Skill have the same version of furhat-commons
14:15:40 [Broker Client] WARN  Event:194 - Could not set field completed with type class java.lang.Boolean on builder class furhatos.event.monitors.MonitorGestureEnd$Builder : null
14:15:40 [Broker Client] WARN  Event:196 - Verify that the SDK/Robot and Skill have the same version of furhat-commons
14:15:47 [Broker Client] WARN  Event:194 - Could not set field completed with type class java.lang.Boolean on builder class furhatos.event.monitors.MonitorGestureEnd$Builder : null
14:15:47 [Broker Client] WARN  Event:196 - Verify that the SDK/Robot and Skill have the same version of furhat-commons
14:15:50 [Broker Client] WARN  Event:194 - Could not set field completed with type class java.lang.Boolean on builder class furhatos.event.monitors.MonitorGestureEnd$Builder : null
14:15:50 [Broker Client] WARN  Event:196 - Verify that the SDK/Robot and Skill have the same version of furhat-commons
14:15:53 [Broker Client] WARN  Event:194 - Could not set field completed with type class java.lang.Boolean on builder class furhatos.event.monitors.MonitorGestureEnd$Builder : null
14:15:53 [Broker Client] WARN  Event:196 - Verify that the SDK/Robot and Skill have the same version of furhat-commons
14:16:00 [Broker Client] WARN  Event:194 - Could not set field completed with type class java.lang.Boolean on builder class furhatos.event.monitors.MonitorGestureEnd$Builder : null
14:16:00 [Broker Client] WARN  Event:196 - Verify that the SDK/Robot and Skill have the same version of furhat-commons
14:16:03 [Broker Client] WARN  Event:194 - Could not set field completed with type class java.lang.Boolean on builder class furhatos.event.monitors.MonitorGestureEnd$Builder : null
14:16:03 [Broker Client] WARN  Event:196 - Verify that the SDK/Robot and Skill have the same version of furhat-commons
14:16:09 [Broker Client] WARN  Event:194 - Could not set field completed with type class java.lang.Boolean on builder class furhatos.event.monitors.MonitorGestureEnd$Builder : null
14:16:09 [Broker Client] WARN  Event:196 - Verify that the SDK/Robot and Skill have the same version of furhat-commons
14:16:14 [Broker Client] WARN  Event:194 - Could not set field completed with type class java.lang.Boolean on builder class furhatos.event.monitors.MonitorGestureEnd$Builder : null
14:16:14 [Broker Client] WARN  Event:196 - Verify that the SDK/Robot and Skill have the same version of furhat-commons
14:16:20 [Broker Client] WARN  Event:194 - Could not set field completed with type class java.lang.Boolean on builder class furhatos.event.monitors.MonitorGestureEnd$Builder : null
14:16:20 [Broker Client] WARN  Event:196 - Verify that the SDK/Robot and Skill have the same version of furhat-commons
14:16:28 [Broker Client] WARN  Event:194 - Could not set field completed with type class java.lang.Boolean on builder class furhatos.event.monitors.MonitorGestureEnd$Builder : null
14:16:28 [Broker Client] WARN  Event:196 - Verify that the SDK/Robot and Skill have the same version of furhat-commons
14:16:31 [Broker Client] WARN  Event:194 - Could not set field completed with type class java.lang.Boolean on builder class furhatos.event.monitors.MonitorGestureEnd$Builder : null
14:16:31 [Broker Client] WARN  Event:196 - Verify that the SDK/Robot and Skill have the same version of furhat-commons
14:16:37 [Broker Client] WARN  Event:194 - Could not set field completed with type class java.lang.Boolean on builder class furhatos.event.monitors.MonitorGestureEnd$Builder : null
14:16:37 [Broker Client] WARN  Event:196 - Verify that the SDK/Robot and Skill have the same version of furhat-commons
14:16:41 [Broker Client] WARN  Event:194 - Could not set field completed with type class java.lang.Boolean on builder class furhatos.event.monitors.MonitorGestureEnd$Builder : null
14:16:41 [Broker Client] WARN  Event:196 - Verify that the SDK/Robot and Skill have the same version of furhat-commons
14:16:44 [Broker Client] WARN  Event:194 - Could not set field completed with type class java.lang.Boolean on builder class furhatos.event.monitors.MonitorGestureEnd$Builder : null
14:16:44 [Broker Client] WARN  Event:196 - Verify that the SDK/Robot and Skill have the same version of furhat-commons
14:16:48 [Broker Client] WARN  Event:194 - Could not set field completed with type class java.lang.Boolean on builder class furhatos.event.monitors.MonitorGestureEnd$Builder : null
14:16:48 [Broker Client] WARN  Event:196 - Verify that the SDK/Robot and Skill have the same version of furhat-commons
14:16:55 [Broker Client] WARN  Event:194 - Could not set field completed with type class java.lang.Boolean on builder class furhatos.event.monitors.MonitorGestureEnd$Builder : null
14:16:55 [Broker Client] WARN  Event:196 - Verify that the SDK/Robot and Skill have the same version of furhat-commons
14:17:01 [Broker Client] WARN  Event:194 - Could not set field completed with type class java.lang.Boolean on builder class furhatos.event.monitors.MonitorGestureEnd$Builder : null
14:17:01 [Broker Client] WARN  Event:196 - Verify that the SDK/Robot and Skill have the same version of furhat-commons
14:17:04 [Broker Client] WARN  Event:194 - Could not set field completed with type class java.lang.Boolean on builder class furhatos.event.monitors.MonitorGestureEnd$Builder : null
14:17:04 [Broker Client] WARN  Event:196 - Verify that the SDK/Robot and Skill have the same version of furhat-commons
14:17:09 [Broker Client] WARN  Event:194 - Could not set field completed with type class java.lang.Boolean on builder class furhatos.event.monitors.MonitorGestureEnd$Builder : null
14:17:09 [Broker Client] WARN  Event:196 - Verify that the SDK/Robot and Skill have the same version of furhat-commons
14:17:17 [Broker Client] WARN  Event:194 - Could not set field completed with type class java.lang.Boolean on builder class furhatos.event.monitors.MonitorGestureEnd$Builder : null
14:17:17 [Broker Client] WARN  Event:196 - Verify that the SDK/Robot and Skill have the same version of furhat-commons
14:17:24 [Broker Client] WARN  Event:194 - Could not set field completed with type class java.lang.Boolean on builder class furhatos.event.monitors.MonitorGestureEnd$Builder : null
14:17:24 [Broker Client] WARN  Event:196 - Verify that the SDK/Robot and Skill have the same version of furhat-commons
14:17:32 [Broker Client] WARN  Event:194 - Could not set field completed with type class java.lang.Boolean on builder class furhatos.event.monitors.MonitorGestureEnd$Builder : null
14:17:32 [Broker Client] WARN  Event:196 - Verify that the SDK/Robot and Skill have the same version of furhat-commons
14:17:36 [Broker Client] WARN  Event:194 - Could not set field completed with type class java.lang.Boolean on builder class furhatos.event.monitors.MonitorGestureEnd$Builder : null
14:17:36 [Broker Client] WARN  Event:196 - Verify that the SDK/Robot and Skill have the same version of furhat-commons
14:17:42 [Broker Client] WARN  Event:194 - Could not set field completed with type class java.lang.Boolean on builder class furhatos.event.monitors.MonitorGestureEnd$Builder : null
14:17:42 [Broker Client] WARN  Event:196 - Verify that the SDK/Robot and Skill have the same version of furhat-commons
14:17:45 [Broker Client] WARN  Event:194 - Could not set field completed with type class java.lang.Boolean on builder class furhatos.event.monitors.MonitorGestureEnd$Builder : null
14:17:45 [Broker Client] WARN  Event:196 - Verify that the SDK/Robot and Skill have the same version of furhat-commons
14:17:49 [Broker Client] WARN  Event:194 - Could not set field completed with type class java.lang.Boolean on builder class furhatos.event.monitors.MonitorGestureEnd$Builder : null
14:17:49 [Broker Client] WARN  Event:196 - Verify that the SDK/Robot and Skill have the same version of furhat-commons
14:17:54 [Broker Client] WARN  Event:194 - Could not set field completed with type class java.lang.Boolean on builder class furhatos.event.monitors.MonitorGestureEnd$Builder : null
14:17:54 [Broker Client] WARN  Event:196 - Verify that the SDK/Robot and Skill have the same version of furhat-commons
14:17:59 [Broker Client] WARN  Event:194 - Could not set field completed with type class java.lang.Boolean on builder class furhatos.event.monitors.MonitorGestureEnd$Builder : null
14:17:59 [Broker Client] WARN  Event:196 - Verify that the SDK/Robot and Skill have the same version of furhat-commons
14:18:06 [Broker Client] WARN  Event:194 - Could not set field completed with type class java.lang.Boolean on builder class furhatos.event.monitors.MonitorGestureEnd$Builder : null
14:18:06 [Broker Client] WARN  Event:196 - Verify that the SDK/Robot and Skill have the same version of furhat-commons
14:18:11 [Broker Client] WARN  Event:194 - Could not set field completed with type class java.lang.Boolean on builder class furhatos.event.monitors.MonitorGestureEnd$Builder : null
14:18:11 [Broker Client] WARN  Event:196 - Verify that the SDK/Robot and Skill have the same version of furhat-commons
14:18:15 [Broker Client] WARN  Event:194 - Could not set field completed with type class java.lang.Boolean on builder class furhatos.event.monitors.MonitorGestureEnd$Builder : null
14:18:15 [Broker Client] WARN  Event:196 - Verify that the SDK/Robot and Skill have the same version of furhat-commons
14:18:18 [Broker Client] WARN  Event:194 - Could not set field completed with type class java.lang.Boolean on builder class furhatos.event.monitors.MonitorGestureEnd$Builder : null
14:18:18 [Broker Client] WARN  Event:196 - Verify that the SDK/Robot and Skill have the same version of furhat-commons
14:18:22 [Broker Client] WARN  Event:194 - Could not set field completed with type class java.lang.Boolean on builder class furhatos.event.monitors.MonitorGestureEnd$Builder : null
14:18:22 [Broker Client] WARN  Event:196 - Verify that the SDK/Robot and Skill have the same version of furhat-commons
14:18:26 [Broker Client] WARN  Event:194 - Could not set field completed with type class java.lang.Boolean on builder class furhatos.event.monitors.MonitorGestureEnd$Builder : null
14:18:26 [Broker Client] WARN  Event:196 - Verify that the SDK/Robot and Skill have the same version of furhat-commons
14:18:32 [Broker Client] WARN  Event:194 - Could not set field completed with type class java.lang.Boolean on builder class furhatos.event.monitors.MonitorGestureEnd$Builder : null
14:18:32 [Broker Client] WARN  Event:196 - Verify that the SDK/Robot and Skill have the same version of furhat-commons
14:18:35 [Broker Client] WARN  Event:194 - Could not set field completed with type class java.lang.Boolean on builder class furhatos.event.monitors.MonitorGestureEnd$Builder : null
14:18:35 [Broker Client] WARN  Event:196 - Verify that the SDK/Robot and Skill have the same version of furhat-commons
14:18:39 [Broker Client] WARN  Event:194 - Could not set field completed with type class java.lang.Boolean on builder class furhatos.event.monitors.MonitorGestureEnd$Builder : null
14:18:39 [Broker Client] WARN  Event:196 - Verify that the SDK/Robot and Skill have the same version of furhat-commons
14:18:42 [Broker Client] WARN  Event:194 - Could not set field completed with type class java.lang.Boolean on builder class furhatos.event.monitors.MonitorGestureEnd$Builder : null
14:18:42 [Broker Client] WARN  Event:196 - Verify that the SDK/Robot and Skill have the same version of furhat-commons
14:18:45 [Broker Client] WARN  Event:194 - Could not set field completed with type class java.lang.Boolean on builder class furhatos.event.monitors.MonitorGestureEnd$Builder : null
14:18:45 [Broker Client] WARN  Event:196 - Verify that the SDK/Robot and Skill have the same version of furhat-commons
14:18:53 [Broker Client] WARN  Event:194 - Could not set field completed with type class java.lang.Boolean on builder class furhatos.event.monitors.MonitorGestureEnd$Builder : null
14:18:53 [Broker Client] WARN  Event:196 - Verify that the SDK/Robot and Skill have the same version of furhat-commons
14:18:59 [Broker Client] WARN  Event:194 - Could not set field completed with type class java.lang.Boolean on builder class furhatos.event.monitors.MonitorGestureEnd$Builder : null
14:18:59 [Broker Client] WARN  Event:196 - Verify that the SDK/Robot and Skill have the same version of furhat-commons
14:19:05 [Broker Client] WARN  Event:194 - Could not set field completed with type class java.lang.Boolean on builder class furhatos.event.monitors.MonitorGestureEnd$Builder : null
14:19:05 [Broker Client] WARN  Event:196 - Verify that the SDK/Robot and Skill have the same version of furhat-commons
14:19:09 [Broker Client] WARN  Event:194 - Could not set field completed with type class java.lang.Boolean on builder class furhatos.event.monitors.MonitorGestureEnd$Builder : null
14:19:09 [Broker Client] WARN  Event:196 - Verify that the SDK/Robot and Skill have the same version of furhat-commons
14:19:13 [Broker Client] WARN  Event:194 - Could not set field completed with type class java.lang.Boolean on builder class furhatos.event.monitors.MonitorGestureEnd$Builder : null
14:19:13 [Broker Client] WARN  Event:196 - Verify that the SDK/Robot and Skill have the same version of furhat-commons
14:19:21 [Broker Client] WARN  Event:194 - Could not set field completed with type class java.lang.Boolean on builder class furhatos.event.monitors.MonitorGestureEnd$Builder : null
14:19:21 [Broker Client] WARN  Event:196 - Verify that the SDK/Robot and Skill have the same version of furhat-commons
14:19:26 [Broker Client] WARN  Event:194 - Could not set field completed with type class java.lang.Boolean on builder class furhatos.event.monitors.MonitorGestureEnd$Builder : null
14:19:26 [Broker Client] WARN  Event:196 - Verify that the SDK/Robot and Skill have the same version of furhat-commons
14:19:33 [Broker Client] WARN  Event:194 - Could not set field completed with type class java.lang.Boolean on builder class furhatos.event.monitors.MonitorGestureEnd$Builder : null
14:19:33 [Broker Client] WARN  Event:196 - Verify that the SDK/Robot and Skill have the same version of furhat-commons
14:19:39 [Broker Client] WARN  Event:194 - Could not set field completed with type class java.lang.Boolean on builder class furhatos.event.monitors.MonitorGestureEnd$Builder : null
14:19:39 [Broker Client] WARN  Event:196 - Verify that the SDK/Robot and Skill have the same version of furhat-commons
14:19:46 [Broker Client] WARN  Event:194 - Could not set field completed with type class java.lang.Boolean on builder class furhatos.event.monitors.MonitorGestureEnd$Builder : null
14:19:46 [Broker Client] WARN  Event:196 - Verify that the SDK/Robot and Skill have the same version of furhat-commons
14:19:54 [Broker Client] WARN  Event:194 - Could not set field completed with type class java.lang.Boolean on builder class furhatos.event.monitors.MonitorGestureEnd$Builder : null
14:19:54 [Broker Client] WARN  Event:196 - Verify that the SDK/Robot and Skill have the same version of furhat-commons
14:19:56 [Broker Client] WARN  Event:194 - Could not set field completed with type class java.lang.Boolean on builder class furhatos.event.monitors.MonitorGestureEnd$Builder : null
14:19:56 [Broker Client] WARN  Event:196 - Verify that the SDK/Robot and Skill have the same version of furhat-commons
14:20:02 [Broker Client] WARN  Event:194 - Could not set field completed with type class java.lang.Boolean on builder class furhatos.event.monitors.MonitorGestureEnd$Builder : null
14:20:02 [Broker Client] WARN  Event:196 - Verify that the SDK/Robot and Skill have the same version of furhat-commons
14:20:07 [Broker Client] WARN  Event:194 - Could not set field completed with type class java.lang.Boolean on builder class furhatos.event.monitors.MonitorGestureEnd$Builder : null
14:20:07 [Broker Client] WARN  Event:196 - Verify that the SDK/Robot and Skill have the same version of furhat-commons
14:20:14 [Broker Client] WARN  Event:194 - Could not set field completed with type class java.lang.Boolean on builder class furhatos.event.monitors.MonitorGestureEnd$Builder : null
14:20:14 [Broker Client] WARN  Event:196 - Verify that the SDK/Robot and Skill have the same version of furhat-commons
14:20:19 [Broker Client] WARN  Event:194 - Could not set field completed with type class java.lang.Boolean on builder class furhatos.event.monitors.MonitorGestureEnd$Builder : null
14:20:19 [Broker Client] WARN  Event:196 - Verify that the SDK/Robot and Skill have the same version of furhat-commons
14:20:23 [Broker Client] WARN  Event:194 - Could not set field completed with type class java.lang.Boolean on builder class furhatos.event.monitors.MonitorGestureEnd$Builder : null
14:20:23 [Broker Client] WARN  Event:196 - Verify that the SDK/Robot and Skill have the same version of furhat-commons
14:20:30 [Broker Client] WARN  Event:194 - Could not set field completed with type class java.lang.Boolean on builder class furhatos.event.monitors.MonitorGestureEnd$Builder : null
14:20:30 [Broker Client] WARN  Event:196 - Verify that the SDK/Robot and Skill have the same version of furhat-commons
14:20:34 [Broker Client] WARN  Event:194 - Could not set field completed with type class java.lang.Boolean on builder class furhatos.event.monitors.MonitorGestureEnd$Builder : null
14:20:34 [Broker Client] WARN  Event:196 - Verify that the SDK/Robot and Skill have the same version of furhat-commons
14:20:39 [Broker Client] WARN  Event:194 - Could not set field completed with type class java.lang.Boolean on builder class furhatos.event.monitors.MonitorGestureEnd$Builder : null
14:20:39 [Broker Client] WARN  Event:196 - Verify that the SDK/Robot and Skill have the same version of furhat-commons
14:20:42 [Broker Client] WARN  Event:194 - Could not set field completed with type class java.lang.Boolean on builder class furhatos.event.monitors.MonitorGestureEnd$Builder : null
14:20:42 [Broker Client] WARN  Event:196 - Verify that the SDK/Robot and Skill have the same version of furhat-commons
14:20:48 [Broker Client] WARN  Event:194 - Could not set field completed with type class java.lang.Boolean on builder class furhatos.event.monitors.MonitorGestureEnd$Builder : null
14:20:48 [Broker Client] WARN  Event:196 - Verify that the SDK/Robot and Skill have the same version of furhat-commons
14:20:55 [Broker Client] WARN  Event:194 - Could not set field completed with type class java.lang.Boolean on builder class furhatos.event.monitors.MonitorGestureEnd$Builder : null
14:20:55 [Broker Client] WARN  Event:196 - Verify that the SDK/Robot and Skill have the same version of furhat-commons
14:20:59 [Broker Client] WARN  Event:194 - Could not set field completed with type class java.lang.Boolean on builder class furhatos.event.monitors.MonitorGestureEnd$Builder : null
14:20:59 [Broker Client] WARN  Event:196 - Verify that the SDK/Robot and Skill have the same version of furhat-commons
14:21:04 [Broker Client] WARN  Event:194 - Could not set field completed with type class java.lang.Boolean on builder class furhatos.event.monitors.MonitorGestureEnd$Builder : null
14:21:04 [Broker Client] WARN  Event:196 - Verify that the SDK/Robot and Skill have the same version of furhat-commons
14:21:07 [Broker Client] WARN  Event:194 - Could not set field completed with type class java.lang.Boolean on builder class furhatos.event.monitors.MonitorGestureEnd$Builder : null
14:21:07 [Broker Client] WARN  Event:196 - Verify that the SDK/Robot and Skill have the same version of furhat-commons
14:21:15 [Broker Client] WARN  Event:194 - Could not set field completed with type class java.lang.Boolean on builder class furhatos.event.monitors.MonitorGestureEnd$Builder : null
14:21:15 [Broker Client] WARN  Event:196 - Verify that the SDK/Robot and Skill have the same version of furhat-commons
14:21:17 [Broker Client] WARN  Event:194 - Could not set field completed with type class java.lang.Boolean on builder class furhatos.event.monitors.MonitorGestureEnd$Builder : null
14:21:17 [Broker Client] WARN  Event:196 - Verify that the SDK/Robot and Skill have the same version of furhat-commons
14:21:21 [Broker Client] WARN  Event:194 - Could not set field completed with type class java.lang.Boolean on builder class furhatos.event.monitors.MonitorGestureEnd$Builder : null
14:21:21 [Broker Client] WARN  Event:196 - Verify that the SDK/Robot and Skill have the same version of furhat-commons
14:21:27 [Broker Client] WARN  Event:194 - Could not set field completed with type class java.lang.Boolean on builder class furhatos.event.monitors.MonitorGestureEnd$Builder : null
14:21:27 [Broker Client] WARN  Event:196 - Verify that the SDK/Robot and Skill have the same version of furhat-commons
14:21:32 [Broker Client] WARN  Event:194 - Could not set field completed with type class java.lang.Boolean on builder class furhatos.event.monitors.MonitorGestureEnd$Builder : null
14:21:32 [Broker Client] WARN  Event:196 - Verify that the SDK/Robot and Skill have the same version of furhat-commons
14:21:34 [Broker Client] WARN  Event:194 - Could not set field completed with type class java.lang.Boolean on builder class furhatos.event.monitors.MonitorGestureEnd$Builder : null
14:21:34 [Broker Client] WARN  Event:196 - Verify that the SDK/Robot and Skill have the same version of furhat-commons
14:21:42 [Broker Client] WARN  Event:194 - Could not set field completed with type class java.lang.Boolean on builder class furhatos.event.monitors.MonitorGestureEnd$Builder : null
14:21:42 [Broker Client] WARN  Event:196 - Verify that the SDK/Robot and Skill have the same version of furhat-commons
14:21:48 [Broker Client] WARN  Event:194 - Could not set field completed with type class java.lang.Boolean on builder class furhatos.event.monitors.MonitorGestureEnd$Builder : null
14:21:48 [Broker Client] WARN  Event:196 - Verify that the SDK/Robot and Skill have the same version of furhat-commons
14:21:52 [Broker Client] WARN  Event:194 - Could not set field completed with type class java.lang.Boolean on builder class furhatos.event.monitors.MonitorGestureEnd$Builder : null
14:21:52 [Broker Client] WARN  Event:196 - Verify that the SDK/Robot and Skill have the same version of furhat-commons
