15:00:19 [Skill] INFO  Skill:139 - Connecting to Furhat server on 130.229.185.157:1932
15:00:20 [Broker Client] WARN  Event:194 - Could not set field hash with type class java.lang.String on builder class furhatos.event.monitors.MonitorSkillConnect$Builder : null
15:00:20 [Broker Client] WARN  Event:196 - Verify that the SDK/Robot and Skill have the same version of furhat-commons
15:00:20 [FruitsellertemplateSkill] INFO  FruitsellertemplateSkill:166 - Starting skill
15:00:22 [Broker Client] WARN  Event:194 - Could not set field completed with type class java.lang.Boolean on builder class furhatos.event.monitors.MonitorGestureEnd$Builder : null
15:00:22 [Broker Client] WARN  Event:196 - Verify that the SDK/Robot and Skill have the same version of furhat-commons
15:00:23 [Broker Client] WARN  Event:194 - Could not set field completed with type class java.lang.Boolean on builder class furhatos.event.monitors.MonitorGestureEnd$Builder : null
15:00:23 [Broker Client] WARN  Event:196 - Verify that the SDK/Robot and Skill have the same version of furhat-commons
15:00:23 [Broker Client] WARN  Event:194 - Could not set field completed with type class java.lang.Boolean on builder class furhatos.event.monitors.MonitorGestureEnd$Builder : null
15:00:23 [Broker Client] WARN  Event:196 - Verify that the SDK/Robot and Skill have the same version of furhat-commons
15:00:26 [Broker Client] WARN  Event:194 - Could not set field completed with type class java.lang.Boolean on builder class furhatos.event.monitors.MonitorGestureEnd$Builder : null
15:00:26 [Broker Client] WARN  Event:196 - Verify that the SDK/Robot and Skill have the same version of furhat-commons
15:00:29 [Broker Client] WARN  Event:194 - Could not set field completed with type class java.lang.Boolean on builder class furhatos.event.monitors.MonitorGestureEnd$Builder : null
15:00:29 [Broker Client] WARN  Event:196 - Verify that the SDK/Robot and Skill have the same version of furhat-commons
15:00:29 [Broker Client] WARN  Event:194 - Could not set field completed with type class java.lang.Boolean on builder class furhatos.event.monitors.MonitorGestureEnd$Builder : null
15:00:29 [Broker Client] WARN  Event:196 - Verify that the SDK/Robot and Skill have the same version of furhat-commons
15:00:30 [Broker Client] WARN  Event:194 - Could not set field completed with type class java.lang.Boolean on builder class furhatos.event.monitors.MonitorGestureEnd$Builder : null
15:00:30 [Broker Client] WARN  Event:196 - Verify that the SDK/Robot and Skill have the same version of furhat-commons
15:00:32 [Broker Client] WARN  Event:194 - Could not set field completed with type class java.lang.Boolean on builder class furhatos.event.monitors.MonitorGestureEnd$Builder : null
15:00:32 [Broker Client] WARN  Event:196 - Verify that the SDK/Robot and Skill have the same version of furhat-commons
15:00:33 [Broker Client] WARN  Event:194 - Could not set field completed with type class java.lang.Boolean on builder class furhatos.event.monitors.MonitorGestureEnd$Builder : null
15:00:33 [Broker Client] WARN  Event:196 - Verify that the SDK/Robot and Skill have the same version of furhat-commons
15:00:34 [Broker Client] WARN  Event:194 - Could not set field completed with type class java.lang.Boolean on builder class furhatos.event.monitors.MonitorGestureEnd$Builder : null
15:00:34 [Broker Client] WARN  Event:196 - Verify that the SDK/Robot and Skill have the same version of furhat-commons
15:00:36 [Broker Client] WARN  Event:194 - Could not set field completed with type class java.lang.Boolean on builder class furhatos.event.monitors.MonitorGestureEnd$Builder : null
15:00:36 [Broker Client] WARN  Event:196 - Verify that the SDK/Robot and Skill have the same version of furhat-commons
15:00:37 [Broker Client] WARN  Event:194 - Could not set field completed with type class java.lang.Boolean on builder class furhatos.event.monitors.MonitorGestureEnd$Builder : null
15:00:37 [Broker Client] WARN  Event:196 - Verify that the SDK/Robot and Skill have the same version of furhat-commons
15:00:39 [Broker Client] WARN  Event:194 - Could not set field completed with type class java.lang.Boolean on builder class furhatos.event.monitors.MonitorGestureEnd$Builder : null
15:00:39 [Broker Client] WARN  Event:196 - Verify that the SDK/Robot and Skill have the same version of furhat-commons
15:00:39 [Broker Client] WARN  Event:194 - Could not set field completed with type class java.lang.Boolean on builder class furhatos.event.monitors.MonitorGestureEnd$Builder : null
15:00:39 [Broker Client] WARN  Event:196 - Verify that the SDK/Robot and Skill have the same version of furhat-commons
15:00:41 [Broker Client] WARN  Event:194 - Could not set field completed with type class java.lang.Boolean on builder class furhatos.event.monitors.MonitorGestureEnd$Builder : null
15:00:41 [Broker Client] WARN  Event:196 - Verify that the SDK/Robot and Skill have the same version of furhat-commons
15:00:42 [Broker Client] WARN  Event:194 - Could not set field completed with type class java.lang.Boolean on builder class furhatos.event.monitors.MonitorGestureEnd$Builder : null
15:00:42 [Broker Client] WARN  Event:196 - Verify that the SDK/Robot and Skill have the same version of furhat-commons
15:00:42 [Broker Client] WARN  Event:194 - Could not set field completed with type class java.lang.Boolean on builder class furhatos.event.monitors.MonitorGestureEnd$Builder : null
15:00:42 [Broker Client] WARN  Event:196 - Verify that the SDK/Robot and Skill have the same version of furhat-commons
15:00:43 [Broker Client] WARN  Event:194 - Could not set field completed with type class java.lang.Boolean on builder class furhatos.event.monitors.MonitorGestureEnd$Builder : null
15:00:43 [Broker Client] WARN  Event:196 - Verify that the SDK/Robot and Skill have the same version of furhat-commons
15:00:45 [Broker Client] WARN  Event:194 - Could not set field completed with type class java.lang.Boolean on builder class furhatos.event.monitors.MonitorGestureEnd$Builder : null
15:00:45 [Broker Client] WARN  Event:196 - Verify that the SDK/Robot and Skill have the same version of furhat-commons
15:00:48 [Broker Client] WARN  Event:194 - Could not set field completed with type class java.lang.Boolean on builder class furhatos.event.monitors.MonitorGestureEnd$Builder : null
15:00:48 [Broker Client] WARN  Event:196 - Verify that the SDK/Robot and Skill have the same version of furhat-commons
15:00:48 [Broker Client] WARN  Event:194 - Could not set field completed with type class java.lang.Boolean on builder class furhatos.event.monitors.MonitorGestureEnd$Builder : null
15:00:48 [Broker Client] WARN  Event:196 - Verify that the SDK/Robot and Skill have the same version of furhat-commons
15:00:49 [Broker Client] WARN  Event:194 - Could not set field completed with type class java.lang.Boolean on builder class furhatos.event.monitors.MonitorGestureEnd$Builder : null
15:00:49 [Broker Client] WARN  Event:196 - Verify that the SDK/Robot and Skill have the same version of furhat-commons
15:00:51 [Broker Client] WARN  Event:194 - Could not set field completed with type class java.lang.Boolean on builder class furhatos.event.monitors.MonitorGestureEnd$Builder : null
15:00:51 [Broker Client] WARN  Event:196 - Verify that the SDK/Robot and Skill have the same version of furhat-commons
15:00:53 [Broker Client] WARN  Event:194 - Could not set field completed with type class java.lang.Boolean on builder class furhatos.event.monitors.MonitorGestureEnd$Builder : null
15:00:53 [Broker Client] WARN  Event:196 - Verify that the SDK/Robot and Skill have the same version of furhat-commons
15:00:53 [Broker Client] WARN  Event:194 - Could not set field completed with type class java.lang.Boolean on builder class furhatos.event.monitors.MonitorGestureEnd$Builder : null
15:00:53 [Broker Client] WARN  Event:196 - Verify that the SDK/Robot and Skill have the same version of furhat-commons
15:00:54 [Broker Client] WARN  Event:194 - Could not set field completed with type class java.lang.Boolean on builder class furhatos.event.monitors.MonitorGestureEnd$Builder : null
15:00:54 [Broker Client] WARN  Event:196 - Verify that the SDK/Robot and Skill have the same version of furhat-commons
15:00:56 [Broker Client] WARN  Event:194 - Could not set field completed with type class java.lang.Boolean on builder class furhatos.event.monitors.MonitorGestureEnd$Builder : null
15:00:56 [Broker Client] WARN  Event:196 - Verify that the SDK/Robot and Skill have the same version of furhat-commons
15:00:58 [Broker Client] WARN  Event:194 - Could not set field completed with type class java.lang.Boolean on builder class furhatos.event.monitors.MonitorGestureEnd$Builder : null
15:00:58 [Broker Client] WARN  Event:196 - Verify that the SDK/Robot and Skill have the same version of furhat-commons
15:00:59 [Broker Client] WARN  Event:194 - Could not set field completed with type class java.lang.Boolean on builder class furhatos.event.monitors.MonitorGestureEnd$Builder : null
15:00:59 [Broker Client] WARN  Event:196 - Verify that the SDK/Robot and Skill have the same version of furhat-commons
15:01:03 [Broker Client] WARN  Event:194 - Could not set field completed with type class java.lang.Boolean on builder class furhatos.event.monitors.MonitorGestureEnd$Builder : null
15:01:03 [Broker Client] WARN  Event:196 - Verify that the SDK/Robot and Skill have the same version of furhat-commons
15:01:03 [Broker Client] WARN  Event:194 - Could not set field completed with type class java.lang.Boolean on builder class furhatos.event.monitors.MonitorGestureEnd$Builder : null
15:01:03 [Broker Client] WARN  Event:196 - Verify that the SDK/Robot and Skill have the same version of furhat-commons
15:01:05 [Broker Client] WARN  Event:194 - Could not set field completed with type class java.lang.Boolean on builder class furhatos.event.monitors.MonitorGestureEnd$Builder : null
15:01:05 [Broker Client] WARN  Event:196 - Verify that the SDK/Robot and Skill have the same version of furhat-commons
15:01:07 [Broker Client] WARN  Event:194 - Could not set field completed with type class java.lang.Boolean on builder class furhatos.event.monitors.MonitorGestureEnd$Builder : null
15:01:07 [Broker Client] WARN  Event:196 - Verify that the SDK/Robot and Skill have the same version of furhat-commons
15:01:08 [Broker Client] WARN  Event:194 - Could not set field completed with type class java.lang.Boolean on builder class furhatos.event.monitors.MonitorGestureEnd$Builder : null
15:01:08 [Broker Client] WARN  Event:196 - Verify that the SDK/Robot and Skill have the same version of furhat-commons
15:01:09 [Broker Client] WARN  Event:194 - Could not set field completed with type class java.lang.Boolean on builder class furhatos.event.monitors.MonitorGestureEnd$Builder : null
15:01:09 [Broker Client] WARN  Event:196 - Verify that the SDK/Robot and Skill have the same version of furhat-commons
15:01:10 [Broker Client] WARN  Event:194 - Could not set field completed with type class java.lang.Boolean on builder class furhatos.event.monitors.MonitorGestureEnd$Builder : null
15:01:10 [Broker Client] WARN  Event:196 - Verify that the SDK/Robot and Skill have the same version of furhat-commons
15:01:12 [Broker Client] WARN  Event:194 - Could not set field completed with type class java.lang.Boolean on builder class furhatos.event.monitors.MonitorGestureEnd$Builder : null
15:01:12 [Broker Client] WARN  Event:196 - Verify that the SDK/Robot and Skill have the same version of furhat-commons
15:01:14 [Broker Client] WARN  Event:194 - Could not set field completed with type class java.lang.Boolean on builder class furhatos.event.monitors.MonitorGestureEnd$Builder : null
15:01:14 [Broker Client] WARN  Event:196 - Verify that the SDK/Robot and Skill have the same version of furhat-commons
15:01:16 [Broker Client] WARN  Event:194 - Could not set field completed with type class java.lang.Boolean on builder class furhatos.event.monitors.MonitorGestureEnd$Builder : null
15:01:16 [Broker Client] WARN  Event:196 - Verify that the SDK/Robot and Skill have the same version of furhat-commons
15:01:16 [Broker Client] WARN  Event:194 - Could not set field completed with type class java.lang.Boolean on builder class furhatos.event.monitors.MonitorGestureEnd$Builder : null
15:01:16 [Broker Client] WARN  Event:196 - Verify that the SDK/Robot and Skill have the same version of furhat-commons
15:01:18 [Broker Client] WARN  Event:194 - Could not set field completed with type class java.lang.Boolean on builder class furhatos.event.monitors.MonitorGestureEnd$Builder : null
15:01:18 [Broker Client] WARN  Event:196 - Verify that the SDK/Robot and Skill have the same version of furhat-commons
15:01:21 [Broker Client] WARN  Event:194 - Could not set field completed with type class java.lang.Boolean on builder class furhatos.event.monitors.MonitorGestureEnd$Builder : null
15:01:21 [Broker Client] WARN  Event:196 - Verify that the SDK/Robot and Skill have the same version of furhat-commons
15:01:22 [Broker Client] WARN  Event:194 - Could not set field completed with type class java.lang.Boolean on builder class furhatos.event.monitors.MonitorGestureEnd$Builder : null
15:01:22 [Broker Client] WARN  Event:196 - Verify that the SDK/Robot and Skill have the same version of furhat-commons
15:01:27 [Broker Client] WARN  Event:194 - Could not set field completed with type class java.lang.Boolean on builder class furhatos.event.monitors.MonitorGestureEnd$Builder : null
15:01:27 [Broker Client] WARN  Event:196 - Verify that the SDK/Robot and Skill have the same version of furhat-commons
15:01:35 [Broker Client] WARN  Event:194 - Could not set field completed with type class java.lang.Boolean on builder class furhatos.event.monitors.MonitorGestureEnd$Builder : null
15:01:35 [Broker Client] WARN  Event:196 - Verify that the SDK/Robot and Skill have the same version of furhat-commons
15:01:42 [Broker Client] WARN  Event:194 - Could not set field completed with type class java.lang.Boolean on builder class furhatos.event.monitors.MonitorGestureEnd$Builder : null
15:01:42 [Broker Client] WARN  Event:196 - Verify that the SDK/Robot and Skill have the same version of furhat-commons
15:01:48 [Broker Client] WARN  Event:194 - Could not set field completed with type class java.lang.Boolean on builder class furhatos.event.monitors.MonitorGestureEnd$Builder : null
15:01:48 [Broker Client] WARN  Event:196 - Verify that the SDK/Robot and Skill have the same version of furhat-commons
15:01:54 [Broker Client] WARN  Event:194 - Could not set field completed with type class java.lang.Boolean on builder class furhatos.event.monitors.MonitorGestureEnd$Builder : null
15:01:54 [Broker Client] WARN  Event:196 - Verify that the SDK/Robot and Skill have the same version of furhat-commons
15:01:59 [Broker Client] WARN  Event:194 - Could not set field completed with type class java.lang.Boolean on builder class furhatos.event.monitors.MonitorGestureEnd$Builder : null
15:01:59 [Broker Client] WARN  Event:196 - Verify that the SDK/Robot and Skill have the same version of furhat-commons
15:02:05 [Broker Client] WARN  Event:194 - Could not set field completed with type class java.lang.Boolean on builder class furhatos.event.monitors.MonitorGestureEnd$Builder : null
15:02:05 [Broker Client] WARN  Event:196 - Verify that the SDK/Robot and Skill have the same version of furhat-commons
15:02:08 [Broker Client] WARN  Event:194 - Could not set field completed with type class java.lang.Boolean on builder class furhatos.event.monitors.MonitorGestureEnd$Builder : null
15:02:08 [Broker Client] WARN  Event:196 - Verify that the SDK/Robot and Skill have the same version of furhat-commons
15:02:13 [Broker Client] WARN  Event:194 - Could not set field completed with type class java.lang.Boolean on builder class furhatos.event.monitors.MonitorGestureEnd$Builder : null
15:02:13 [Broker Client] WARN  Event:196 - Verify that the SDK/Robot and Skill have the same version of furhat-commons
15:02:19 [EventSystem] INFO  FruitsellertemplateSkill:184 - Terminating skill
15:02:19 [Broker Client] WARN  Event:194 - Could not set field hash with type class java.lang.String on builder class furhatos.event.monitors.MonitorSkillTerminate$Builder : null
