14:30:58 [Skill] INFO  Skill:139 - Connecting to Furhat server on 130.229.185.157:1932
14:30:59 [Broker Client] WARN  Event:194 - Could not set field hash with type class java.lang.String on builder class furhatos.event.monitors.MonitorSkillConnect$Builder : null
14:30:59 [Broker Client] WARN  Event:196 - Verify that the SDK/Robot and Skill have the same version of furhat-commons
14:30:59 [FruitsellertemplateSkill] INFO  FruitsellertemplateSkill:166 - Starting skill
14:30:59 [Broker Client] WARN  Event:194 - Could not set field completed with type class java.lang.Boolean on builder class furhatos.event.monitors.MonitorGestureEnd$Builder : null
14:30:59 [Broker Client] WARN  Event:196 - Verify that the SDK/Robot and Skill have the same version of furhat-commons
14:31:02 [Broker Client] WARN  Event:194 - Could not set field completed with type class java.lang.Boolean on builder class furhatos.event.monitors.MonitorGestureEnd$Builder : null
14:31:02 [Broker Client] WARN  Event:196 - Verify that the SDK/Robot and Skill have the same version of furhat-commons
14:31:03 [Broker Client] WARN  Event:194 - Could not set field completed with type class java.lang.Boolean on builder class furhatos.event.monitors.MonitorGestureEnd$Builder : null
14:31:03 [Broker Client] WARN  Event:196 - Verify that the SDK/Robot and Skill have the same version of furhat-commons
14:31:06 [Broker Client] WARN  Event:194 - Could not set field completed with type class java.lang.Boolean on builder class furhatos.event.monitors.MonitorGestureEnd$Builder : null
14:31:06 [Broker Client] WARN  Event:196 - Verify that the SDK/Robot and Skill have the same version of furhat-commons
14:31:08 [Broker Client] WARN  Event:194 - Could not set field completed with type class java.lang.Boolean on builder class furhatos.event.monitors.MonitorGestureEnd$Builder : null
14:31:08 [Broker Client] WARN  Event:196 - Verify that the SDK/Robot and Skill have the same version of furhat-commons
14:31:09 [Broker Client] WARN  Event:194 - Could not set field completed with type class java.lang.Boolean on builder class furhatos.event.monitors.MonitorGestureEnd$Builder : null
14:31:09 [Broker Client] WARN  Event:196 - Verify that the SDK/Robot and Skill have the same version of furhat-commons
14:31:10 [Broker Client] WARN  Event:194 - Could not set field completed with type class java.lang.Boolean on builder class furhatos.event.monitors.MonitorGestureEnd$Builder : null
14:31:10 [Broker Client] WARN  Event:196 - Verify that the SDK/Robot and Skill have the same version of furhat-commons
14:31:12 [Broker Client] WARN  Event:194 - Could not set field completed with type class java.lang.Boolean on builder class furhatos.event.monitors.MonitorGestureEnd$Builder : null
14:31:12 [Broker Client] WARN  Event:196 - Verify that the SDK/Robot and Skill have the same version of furhat-commons
14:31:13 [Broker Client] WARN  Event:194 - Could not set field completed with type class java.lang.Boolean on builder class furhatos.event.monitors.MonitorGestureEnd$Builder : null
14:31:13 [Broker Client] WARN  Event:196 - Verify that the SDK/Robot and Skill have the same version of furhat-commons
14:31:14 [Broker Client] WARN  Event:194 - Could not set field completed with type class java.lang.Boolean on builder class furhatos.event.monitors.MonitorGestureEnd$Builder : null
14:31:14 [Broker Client] WARN  Event:196 - Verify that the SDK/Robot and Skill have the same version of furhat-commons
14:31:17 [Broker Client] WARN  Event:194 - Could not set field completed with type class java.lang.Boolean on builder class furhatos.event.monitors.MonitorGestureEnd$Builder : null
14:31:17 [Broker Client] WARN  Event:196 - Verify that the SDK/Robot and Skill have the same version of furhat-commons
14:31:18 [Broker Client] WARN  Event:194 - Could not set field completed with type class java.lang.Boolean on builder class furhatos.event.monitors.MonitorGestureEnd$Builder : null
14:31:18 [Broker Client] WARN  Event:196 - Verify that the SDK/Robot and Skill have the same version of furhat-commons
14:31:19 [Broker Client] WARN  Event:194 - Could not set field completed with type class java.lang.Boolean on builder class furhatos.event.monitors.MonitorGestureEnd$Builder : null
14:31:19 [Broker Client] WARN  Event:196 - Verify that the SDK/Robot and Skill have the same version of furhat-commons
14:31:21 [Broker Client] WARN  Event:194 - Could not set field completed with type class java.lang.Boolean on builder class furhatos.event.monitors.MonitorGestureEnd$Builder : null
14:31:21 [Broker Client] WARN  Event:196 - Verify that the SDK/Robot and Skill have the same version of furhat-commons
14:31:21 [Broker Client] WARN  Event:194 - Could not set field completed with type class java.lang.Boolean on builder class furhatos.event.monitors.MonitorGestureEnd$Builder : null
14:31:21 [Broker Client] WARN  Event:196 - Verify that the SDK/Robot and Skill have the same version of furhat-commons
14:31:22 [Broker Client] WARN  Event:194 - Could not set field completed with type class java.lang.Boolean on builder class furhatos.event.monitors.MonitorGestureEnd$Builder : null
14:31:22 [Broker Client] WARN  Event:196 - Verify that the SDK/Robot and Skill have the same version of furhat-commons
14:31:24 [Broker Client] WARN  Event:194 - Could not set field completed with type class java.lang.Boolean on builder class furhatos.event.monitors.MonitorGestureEnd$Builder : null
14:31:24 [Broker Client] WARN  Event:196 - Verify that the SDK/Robot and Skill have the same version of furhat-commons
14:31:27 [Broker Client] WARN  Event:194 - Could not set field completed with type class java.lang.Boolean on builder class furhatos.event.monitors.MonitorGestureEnd$Builder : null
14:31:27 [Broker Client] WARN  Event:196 - Verify that the SDK/Robot and Skill have the same version of furhat-commons
14:31:28 [Broker Client] WARN  Event:194 - Could not set field completed with type class java.lang.Boolean on builder class furhatos.event.monitors.MonitorGestureEnd$Builder : null
14:31:28 [Broker Client] WARN  Event:196 - Verify that the SDK/Robot and Skill have the same version of furhat-commons
14:31:30 [Broker Client] WARN  Event:194 - Could not set field completed with type class java.lang.Boolean on builder class furhatos.event.monitors.MonitorGestureEnd$Builder : null
14:31:30 [Broker Client] WARN  Event:196 - Verify that the SDK/Robot and Skill have the same version of furhat-commons
14:31:31 [Broker Client] WARN  Event:194 - Could not set field completed with type class java.lang.Boolean on builder class furhatos.event.monitors.MonitorGestureEnd$Builder : null
14:31:31 [Broker Client] WARN  Event:196 - Verify that the SDK/Robot and Skill have the same version of furhat-commons
14:31:33 [Broker Client] WARN  Event:194 - Could not set field completed with type class java.lang.Boolean on builder class furhatos.event.monitors.MonitorGestureEnd$Builder : null
14:31:33 [Broker Client] WARN  Event:196 - Verify that the SDK/Robot and Skill have the same version of furhat-commons
14:31:34 [Broker Client] WARN  Event:194 - Could not set field completed with type class java.lang.Boolean on builder class furhatos.event.monitors.MonitorGestureEnd$Builder : null
14:31:34 [Broker Client] WARN  Event:196 - Verify that the SDK/Robot and Skill have the same version of furhat-commons
14:31:36 [Broker Client] WARN  Event:194 - Could not set field completed with type class java.lang.Boolean on builder class furhatos.event.monitors.MonitorGestureEnd$Builder : null
14:31:36 [Broker Client] WARN  Event:196 - Verify that the SDK/Robot and Skill have the same version of furhat-commons
14:31:37 [Broker Client] WARN  Event:194 - Could not set field completed with type class java.lang.Boolean on builder class furhatos.event.monitors.MonitorGestureEnd$Builder : null
14:31:37 [Broker Client] WARN  Event:196 - Verify that the SDK/Robot and Skill have the same version of furhat-commons
14:31:39 [Broker Client] WARN  Event:194 - Could not set field completed with type class java.lang.Boolean on builder class furhatos.event.monitors.MonitorGestureEnd$Builder : null
14:31:39 [Broker Client] WARN  Event:196 - Verify that the SDK/Robot and Skill have the same version of furhat-commons
14:31:40 [Broker Client] WARN  Event:194 - Could not set field completed with type class java.lang.Boolean on builder class furhatos.event.monitors.MonitorGestureEnd$Builder : null
14:31:40 [Broker Client] WARN  Event:196 - Verify that the SDK/Robot and Skill have the same version of furhat-commons
14:31:41 [Broker Client] WARN  Event:194 - Could not set field completed with type class java.lang.Boolean on builder class furhatos.event.monitors.MonitorGestureEnd$Builder : null
14:31:41 [Broker Client] WARN  Event:196 - Verify that the SDK/Robot and Skill have the same version of furhat-commons
14:31:43 [Broker Client] WARN  Event:194 - Could not set field completed with type class java.lang.Boolean on builder class furhatos.event.monitors.MonitorGestureEnd$Builder : null
14:31:43 [Broker Client] WARN  Event:196 - Verify that the SDK/Robot and Skill have the same version of furhat-commons
14:31:43 [Broker Client] WARN  Event:194 - Could not set field completed with type class java.lang.Boolean on builder class furhatos.event.monitors.MonitorGestureEnd$Builder : null
14:31:43 [Broker Client] WARN  Event:196 - Verify that the SDK/Robot and Skill have the same version of furhat-commons
14:31:45 [Broker Client] WARN  Event:194 - Could not set field completed with type class java.lang.Boolean on builder class furhatos.event.monitors.MonitorGestureEnd$Builder : null
14:31:45 [Broker Client] WARN  Event:196 - Verify that the SDK/Robot and Skill have the same version of furhat-commons
14:31:47 [Broker Client] WARN  Event:194 - Could not set field completed with type class java.lang.Boolean on builder class furhatos.event.monitors.MonitorGestureEnd$Builder : null
14:31:47 [Broker Client] WARN  Event:196 - Verify that the SDK/Robot and Skill have the same version of furhat-commons
14:31:48 [Broker Client] WARN  Event:194 - Could not set field completed with type class java.lang.Boolean on builder class furhatos.event.monitors.MonitorGestureEnd$Builder : null
14:31:48 [Broker Client] WARN  Event:196 - Verify that the SDK/Robot and Skill have the same version of furhat-commons
14:31:52 [Broker Client] WARN  Event:194 - Could not set field completed with type class java.lang.Boolean on builder class furhatos.event.monitors.MonitorGestureEnd$Builder : null
14:31:52 [Broker Client] WARN  Event:196 - Verify that the SDK/Robot and Skill have the same version of furhat-commons
14:31:55 [Broker Client] WARN  Event:194 - Could not set field completed with type class java.lang.Boolean on builder class furhatos.event.monitors.MonitorGestureEnd$Builder : null
14:31:55 [Broker Client] WARN  Event:196 - Verify that the SDK/Robot and Skill have the same version of furhat-commons
14:31:55 [Broker Client] WARN  Event:194 - Could not set field completed with type class java.lang.Boolean on builder class furhatos.event.monitors.MonitorGestureEnd$Builder : null
14:31:55 [Broker Client] WARN  Event:196 - Verify that the SDK/Robot and Skill have the same version of furhat-commons
14:31:57 [Broker Client] WARN  Event:194 - Could not set field completed with type class java.lang.Boolean on builder class furhatos.event.monitors.MonitorGestureEnd$Builder : null
14:31:57 [Broker Client] WARN  Event:196 - Verify that the SDK/Robot and Skill have the same version of furhat-commons
14:31:58 [Broker Client] WARN  Event:194 - Could not set field completed with type class java.lang.Boolean on builder class furhatos.event.monitors.MonitorGestureEnd$Builder : null
14:31:58 [Broker Client] WARN  Event:196 - Verify that the SDK/Robot and Skill have the same version of furhat-commons
14:31:59 [Broker Client] WARN  Event:194 - Could not set field completed with type class java.lang.Boolean on builder class furhatos.event.monitors.MonitorGestureEnd$Builder : null
14:31:59 [Broker Client] WARN  Event:196 - Verify that the SDK/Robot and Skill have the same version of furhat-commons
14:32:00 [Broker Client] WARN  Event:194 - Could not set field completed with type class java.lang.Boolean on builder class furhatos.event.monitors.MonitorGestureEnd$Builder : null
14:32:00 [Broker Client] WARN  Event:196 - Verify that the SDK/Robot and Skill have the same version of furhat-commons
14:32:05 [Broker Client] WARN  Event:194 - Could not set field completed with type class java.lang.Boolean on builder class furhatos.event.monitors.MonitorGestureEnd$Builder : null
14:32:05 [Broker Client] WARN  Event:196 - Verify that the SDK/Robot and Skill have the same version of furhat-commons
14:32:05 [Broker Client] WARN  Event:194 - Could not set field completed with type class java.lang.Boolean on builder class furhatos.event.monitors.MonitorGestureEnd$Builder : null
14:32:05 [Broker Client] WARN  Event:196 - Verify that the SDK/Robot and Skill have the same version of furhat-commons
14:32:05 [Broker Client] WARN  Event:194 - Could not set field completed with type class java.lang.Boolean on builder class furhatos.event.monitors.MonitorGestureEnd$Builder : null
14:32:05 [Broker Client] WARN  Event:196 - Verify that the SDK/Robot and Skill have the same version of furhat-commons
14:32:07 [Broker Client] WARN  Event:194 - Could not set field completed with type class java.lang.Boolean on builder class furhatos.event.monitors.MonitorGestureEnd$Builder : null
14:32:07 [Broker Client] WARN  Event:196 - Verify that the SDK/Robot and Skill have the same version of furhat-commons
14:32:08 [Broker Client] WARN  Event:194 - Could not set field completed with type class java.lang.Boolean on builder class furhatos.event.monitors.MonitorGestureEnd$Builder : null
14:32:08 [Broker Client] WARN  Event:196 - Verify that the SDK/Robot and Skill have the same version of furhat-commons
14:32:11 [Broker Client] WARN  Event:194 - Could not set field completed with type class java.lang.Boolean on builder class furhatos.event.monitors.MonitorGestureEnd$Builder : null
14:32:11 [Broker Client] WARN  Event:196 - Verify that the SDK/Robot and Skill have the same version of furhat-commons
14:32:12 [Broker Client] WARN  Event:194 - Could not set field completed with type class java.lang.Boolean on builder class furhatos.event.monitors.MonitorGestureEnd$Builder : null
14:32:12 [Broker Client] WARN  Event:196 - Verify that the SDK/Robot and Skill have the same version of furhat-commons
14:32:14 [Broker Client] WARN  Event:194 - Could not set field completed with type class java.lang.Boolean on builder class furhatos.event.monitors.MonitorGestureEnd$Builder : null
14:32:14 [Broker Client] WARN  Event:196 - Verify that the SDK/Robot and Skill have the same version of furhat-commons
14:32:16 [Broker Client] WARN  Event:194 - Could not set field completed with type class java.lang.Boolean on builder class furhatos.event.monitors.MonitorGestureEnd$Builder : null
14:32:16 [Broker Client] WARN  Event:196 - Verify that the SDK/Robot and Skill have the same version of furhat-commons
14:32:17 [Broker Client] WARN  Event:194 - Could not set field completed with type class java.lang.Boolean on builder class furhatos.event.monitors.MonitorGestureEnd$Builder : null
14:32:17 [Broker Client] WARN  Event:196 - Verify that the SDK/Robot and Skill have the same version of furhat-commons
14:32:17 [Broker Client] WARN  Event:194 - Could not set field completed with type class java.lang.Boolean on builder class furhatos.event.monitors.MonitorGestureEnd$Builder : null
14:32:17 [Broker Client] WARN  Event:196 - Verify that the SDK/Robot and Skill have the same version of furhat-commons
14:32:18 [Broker Client] WARN  Event:194 - Could not set field completed with type class java.lang.Boolean on builder class furhatos.event.monitors.MonitorGestureEnd$Builder : null
14:32:18 [Broker Client] WARN  Event:196 - Verify that the SDK/Robot and Skill have the same version of furhat-commons
14:32:21 [Broker Client] WARN  Event:194 - Could not set field completed with type class java.lang.Boolean on builder class furhatos.event.monitors.MonitorGestureEnd$Builder : null
14:32:21 [Broker Client] WARN  Event:196 - Verify that the SDK/Robot and Skill have the same version of furhat-commons
14:32:22 [Broker Client] WARN  Event:194 - Could not set field completed with type class java.lang.Boolean on builder class furhatos.event.monitors.MonitorGestureEnd$Builder : null
14:32:22 [Broker Client] WARN  Event:196 - Verify that the SDK/Robot and Skill have the same version of furhat-commons
14:32:24 [Broker Client] WARN  Event:194 - Could not set field completed with type class java.lang.Boolean on builder class furhatos.event.monitors.MonitorGestureEnd$Builder : null
14:32:24 [Broker Client] WARN  Event:196 - Verify that the SDK/Robot and Skill have the same version of furhat-commons
14:32:25 [Broker Client] WARN  Event:194 - Could not set field completed with type class java.lang.Boolean on builder class furhatos.event.monitors.MonitorGestureEnd$Builder : null
14:32:25 [Broker Client] WARN  Event:196 - Verify that the SDK/Robot and Skill have the same version of furhat-commons
14:32:26 [Broker Client] WARN  Event:194 - Could not set field completed with type class java.lang.Boolean on builder class furhatos.event.monitors.MonitorGestureEnd$Builder : null
14:32:26 [Broker Client] WARN  Event:196 - Verify that the SDK/Robot and Skill have the same version of furhat-commons
14:32:29 [Broker Client] WARN  Event:194 - Could not set field completed with type class java.lang.Boolean on builder class furhatos.event.monitors.MonitorGestureEnd$Builder : null
14:32:29 [Broker Client] WARN  Event:196 - Verify that the SDK/Robot and Skill have the same version of furhat-commons
14:32:33 [Broker Client] WARN  Event:194 - Could not set field completed with type class java.lang.Boolean on builder class furhatos.event.monitors.MonitorGestureEnd$Builder : null
14:32:33 [Broker Client] WARN  Event:196 - Verify that the SDK/Robot and Skill have the same version of furhat-commons
14:32:41 [Broker Client] WARN  Event:194 - Could not set field completed with type class java.lang.Boolean on builder class furhatos.event.monitors.MonitorGestureEnd$Builder : null
14:32:41 [Broker Client] WARN  Event:196 - Verify that the SDK/Robot and Skill have the same version of furhat-commons
14:32:45 [Broker Client] WARN  Event:194 - Could not set field completed with type class java.lang.Boolean on builder class furhatos.event.monitors.MonitorGestureEnd$Builder : null
14:32:45 [Broker Client] WARN  Event:196 - Verify that the SDK/Robot and Skill have the same version of furhat-commons
14:32:52 [Broker Client] WARN  Event:194 - Could not set field completed with type class java.lang.Boolean on builder class furhatos.event.monitors.MonitorGestureEnd$Builder : null
14:32:52 [Broker Client] WARN  Event:196 - Verify that the SDK/Robot and Skill have the same version of furhat-commons
14:32:59 [Broker Client] WARN  Event:194 - Could not set field completed with type class java.lang.Boolean on builder class furhatos.event.monitors.MonitorGestureEnd$Builder : null
14:32:59 [Broker Client] WARN  Event:196 - Verify that the SDK/Robot and Skill have the same version of furhat-commons
14:33:05 [Broker Client] WARN  Event:194 - Could not set field completed with type class java.lang.Boolean on builder class furhatos.event.monitors.MonitorGestureEnd$Builder : null
14:33:05 [Broker Client] WARN  Event:196 - Verify that the SDK/Robot and Skill have the same version of furhat-commons
14:33:12 [Broker Client] WARN  Event:194 - Could not set field completed with type class java.lang.Boolean on builder class furhatos.event.monitors.MonitorGestureEnd$Builder : null
14:33:12 [Broker Client] WARN  Event:196 - Verify that the SDK/Robot and Skill have the same version of furhat-commons
14:33:16 [Broker Client] WARN  Event:194 - Could not set field completed with type class java.lang.Boolean on builder class furhatos.event.monitors.MonitorGestureEnd$Builder : null
14:33:16 [Broker Client] WARN  Event:196 - Verify that the SDK/Robot and Skill have the same version of furhat-commons
14:33:22 [Broker Client] WARN  Event:194 - Could not set field completed with type class java.lang.Boolean on builder class furhatos.event.monitors.MonitorGestureEnd$Builder : null
14:33:22 [Broker Client] WARN  Event:196 - Verify that the SDK/Robot and Skill have the same version of furhat-commons
14:33:30 [Broker Client] WARN  Event:194 - Could not set field completed with type class java.lang.Boolean on builder class furhatos.event.monitors.MonitorGestureEnd$Builder : null
14:33:30 [Broker Client] WARN  Event:196 - Verify that the SDK/Robot and Skill have the same version of furhat-commons
14:33:36 [Broker Client] WARN  Event:194 - Could not set field completed with type class java.lang.Boolean on builder class furhatos.event.monitors.MonitorGestureEnd$Builder : null
14:33:36 [Broker Client] WARN  Event:196 - Verify that the SDK/Robot and Skill have the same version of furhat-commons
14:33:41 [Broker Client] WARN  Event:194 - Could not set field completed with type class java.lang.Boolean on builder class furhatos.event.monitors.MonitorGestureEnd$Builder : null
14:33:41 [Broker Client] WARN  Event:196 - Verify that the SDK/Robot and Skill have the same version of furhat-commons
14:33:49 [Broker Client] WARN  Event:194 - Could not set field completed with type class java.lang.Boolean on builder class furhatos.event.monitors.MonitorGestureEnd$Builder : null
14:33:49 [Broker Client] WARN  Event:196 - Verify that the SDK/Robot and Skill have the same version of furhat-commons
14:33:55 [Broker Client] WARN  Event:194 - Could not set field completed with type class java.lang.Boolean on builder class furhatos.event.monitors.MonitorGestureEnd$Builder : null
14:33:55 [Broker Client] WARN  Event:196 - Verify that the SDK/Robot and Skill have the same version of furhat-commons
14:33:59 [Broker Client] WARN  Event:194 - Could not set field completed with type class java.lang.Boolean on builder class furhatos.event.monitors.MonitorGestureEnd$Builder : null
14:33:59 [Broker Client] WARN  Event:196 - Verify that the SDK/Robot and Skill have the same version of furhat-commons
14:34:04 [Broker Client] WARN  Event:194 - Could not set field completed with type class java.lang.Boolean on builder class furhatos.event.monitors.MonitorGestureEnd$Builder : null
14:34:04 [Broker Client] WARN  Event:196 - Verify that the SDK/Robot and Skill have the same version of furhat-commons
14:34:12 [Broker Client] WARN  Event:194 - Could not set field completed with type class java.lang.Boolean on builder class furhatos.event.monitors.MonitorGestureEnd$Builder : null
14:34:12 [Broker Client] WARN  Event:196 - Verify that the SDK/Robot and Skill have the same version of furhat-commons
14:34:18 [Broker Client] WARN  Event:194 - Could not set field completed with type class java.lang.Boolean on builder class furhatos.event.monitors.MonitorGestureEnd$Builder : null
14:34:18 [Broker Client] WARN  Event:196 - Verify that the SDK/Robot and Skill have the same version of furhat-commons
14:34:21 [Broker Client] WARN  Event:194 - Could not set field completed with type class java.lang.Boolean on builder class furhatos.event.monitors.MonitorGestureEnd$Builder : null
14:34:21 [Broker Client] WARN  Event:196 - Verify that the SDK/Robot and Skill have the same version of furhat-commons
14:34:26 [Broker Client] WARN  Event:194 - Could not set field completed with type class java.lang.Boolean on builder class furhatos.event.monitors.MonitorGestureEnd$Builder : null
14:34:26 [Broker Client] WARN  Event:196 - Verify that the SDK/Robot and Skill have the same version of furhat-commons
14:34:30 [Broker Client] WARN  Event:194 - Could not set field completed with type class java.lang.Boolean on builder class furhatos.event.monitors.MonitorGestureEnd$Builder : null
14:34:30 [Broker Client] WARN  Event:196 - Verify that the SDK/Robot and Skill have the same version of furhat-commons
14:34:33 [Broker Client] WARN  Event:194 - Could not set field completed with type class java.lang.Boolean on builder class furhatos.event.monitors.MonitorGestureEnd$Builder : null
14:34:33 [Broker Client] WARN  Event:196 - Verify that the SDK/Robot and Skill have the same version of furhat-commons
14:34:38 [Broker Client] WARN  Event:194 - Could not set field completed with type class java.lang.Boolean on builder class furhatos.event.monitors.MonitorGestureEnd$Builder : null
14:34:38 [Broker Client] WARN  Event:196 - Verify that the SDK/Robot and Skill have the same version of furhat-commons
14:34:44 [Broker Client] WARN  Event:194 - Could not set field completed with type class java.lang.Boolean on builder class furhatos.event.monitors.MonitorGestureEnd$Builder : null
14:34:44 [Broker Client] WARN  Event:196 - Verify that the SDK/Robot and Skill have the same version of furhat-commons
14:34:47 [Broker Client] WARN  Event:194 - Could not set field completed with type class java.lang.Boolean on builder class furhatos.event.monitors.MonitorGestureEnd$Builder : null
14:34:47 [Broker Client] WARN  Event:196 - Verify that the SDK/Robot and Skill have the same version of furhat-commons
14:34:52 [Broker Client] WARN  Event:194 - Could not set field completed with type class java.lang.Boolean on builder class furhatos.event.monitors.MonitorGestureEnd$Builder : null
14:34:52 [Broker Client] WARN  Event:196 - Verify that the SDK/Robot and Skill have the same version of furhat-commons
14:35:00 [Broker Client] WARN  Event:194 - Could not set field completed with type class java.lang.Boolean on builder class furhatos.event.monitors.MonitorGestureEnd$Builder : null
14:35:00 [Broker Client] WARN  Event:196 - Verify that the SDK/Robot and Skill have the same version of furhat-commons
14:35:07 [Broker Client] WARN  Event:194 - Could not set field completed with type class java.lang.Boolean on builder class furhatos.event.monitors.MonitorGestureEnd$Builder : null
14:35:07 [Broker Client] WARN  Event:196 - Verify that the SDK/Robot and Skill have the same version of furhat-commons
14:35:10 [Broker Client] WARN  Event:194 - Could not set field completed with type class java.lang.Boolean on builder class furhatos.event.monitors.MonitorGestureEnd$Builder : null
14:35:10 [Broker Client] WARN  Event:196 - Verify that the SDK/Robot and Skill have the same version of furhat-commons
14:35:15 [Broker Client] WARN  Event:194 - Could not set field completed with type class java.lang.Boolean on builder class furhatos.event.monitors.MonitorGestureEnd$Builder : null
14:35:15 [Broker Client] WARN  Event:196 - Verify that the SDK/Robot and Skill have the same version of furhat-commons
14:35:19 [Broker Client] WARN  Event:194 - Could not set field completed with type class java.lang.Boolean on builder class furhatos.event.monitors.MonitorGestureEnd$Builder : null
14:35:19 [Broker Client] WARN  Event:196 - Verify that the SDK/Robot and Skill have the same version of furhat-commons
14:35:21 [Broker Client] WARN  Event:194 - Could not set field completed with type class java.lang.Boolean on builder class furhatos.event.monitors.MonitorGestureEnd$Builder : null
14:35:21 [Broker Client] WARN  Event:196 - Verify that the SDK/Robot and Skill have the same version of furhat-commons
14:35:24 [Broker Client] WARN  Event:194 - Could not set field completed with type class java.lang.Boolean on builder class furhatos.event.monitors.MonitorGestureEnd$Builder : null
14:35:24 [Broker Client] WARN  Event:196 - Verify that the SDK/Robot and Skill have the same version of furhat-commons
14:35:31 [Broker Client] WARN  Event:194 - Could not set field completed with type class java.lang.Boolean on builder class furhatos.event.monitors.MonitorGestureEnd$Builder : null
14:35:31 [Broker Client] WARN  Event:196 - Verify that the SDK/Robot and Skill have the same version of furhat-commons
14:35:34 [Broker Client] WARN  Event:194 - Could not set field completed with type class java.lang.Boolean on builder class furhatos.event.monitors.MonitorGestureEnd$Builder : null
14:35:34 [Broker Client] WARN  Event:196 - Verify that the SDK/Robot and Skill have the same version of furhat-commons
14:35:37 [Broker Client] WARN  Event:194 - Could not set field completed with type class java.lang.Boolean on builder class furhatos.event.monitors.MonitorGestureEnd$Builder : null
14:35:37 [Broker Client] WARN  Event:196 - Verify that the SDK/Robot and Skill have the same version of furhat-commons
14:35:42 [Broker Client] WARN  Event:194 - Could not set field completed with type class java.lang.Boolean on builder class furhatos.event.monitors.MonitorGestureEnd$Builder : null
14:35:42 [Broker Client] WARN  Event:196 - Verify that the SDK/Robot and Skill have the same version of furhat-commons
14:35:46 [Broker Client] WARN  Event:194 - Could not set field completed with type class java.lang.Boolean on builder class furhatos.event.monitors.MonitorGestureEnd$Builder : null
14:35:46 [Broker Client] WARN  Event:196 - Verify that the SDK/Robot and Skill have the same version of furhat-commons
14:35:53 [Broker Client] WARN  Event:194 - Could not set field completed with type class java.lang.Boolean on builder class furhatos.event.monitors.MonitorGestureEnd$Builder : null
14:35:53 [Broker Client] WARN  Event:196 - Verify that the SDK/Robot and Skill have the same version of furhat-commons
14:35:57 [Broker Client] WARN  Event:194 - Could not set field completed with type class java.lang.Boolean on builder class furhatos.event.monitors.MonitorGestureEnd$Builder : null
14:35:57 [Broker Client] WARN  Event:196 - Verify that the SDK/Robot and Skill have the same version of furhat-commons
14:36:03 [Broker Client] WARN  Event:194 - Could not set field completed with type class java.lang.Boolean on builder class furhatos.event.monitors.MonitorGestureEnd$Builder : null
14:36:03 [Broker Client] WARN  Event:196 - Verify that the SDK/Robot and Skill have the same version of furhat-commons
14:36:06 [Broker Client] WARN  Event:194 - Could not set field completed with type class java.lang.Boolean on builder class furhatos.event.monitors.MonitorGestureEnd$Builder : null
14:36:06 [Broker Client] WARN  Event:196 - Verify that the SDK/Robot and Skill have the same version of furhat-commons
14:36:12 [Broker Client] WARN  Event:194 - Could not set field completed with type class java.lang.Boolean on builder class furhatos.event.monitors.MonitorGestureEnd$Builder : null
14:36:12 [Broker Client] WARN  Event:196 - Verify that the SDK/Robot and Skill have the same version of furhat-commons
14:36:15 [Broker Client] WARN  Event:194 - Could not set field completed with type class java.lang.Boolean on builder class furhatos.event.monitors.MonitorGestureEnd$Builder : null
14:36:15 [Broker Client] WARN  Event:196 - Verify that the SDK/Robot and Skill have the same version of furhat-commons
14:36:23 [Broker Client] WARN  Event:194 - Could not set field completed with type class java.lang.Boolean on builder class furhatos.event.monitors.MonitorGestureEnd$Builder : null
14:36:23 [Broker Client] WARN  Event:196 - Verify that the SDK/Robot and Skill have the same version of furhat-commons
14:36:29 [Broker Client] WARN  Event:194 - Could not set field completed with type class java.lang.Boolean on builder class furhatos.event.monitors.MonitorGestureEnd$Builder : null
14:36:29 [Broker Client] WARN  Event:196 - Verify that the SDK/Robot and Skill have the same version of furhat-commons
14:36:36 [Broker Client] WARN  Event:194 - Could not set field completed with type class java.lang.Boolean on builder class furhatos.event.monitors.MonitorGestureEnd$Builder : null
14:36:36 [Broker Client] WARN  Event:196 - Verify that the SDK/Robot and Skill have the same version of furhat-commons
14:36:39 [Broker Client] WARN  Event:194 - Could not set field completed with type class java.lang.Boolean on builder class furhatos.event.monitors.MonitorGestureEnd$Builder : null
14:36:39 [Broker Client] WARN  Event:196 - Verify that the SDK/Robot and Skill have the same version of furhat-commons
14:36:44 [Broker Client] WARN  Event:194 - Could not set field completed with type class java.lang.Boolean on builder class furhatos.event.monitors.MonitorGestureEnd$Builder : null
14:36:44 [Broker Client] WARN  Event:196 - Verify that the SDK/Robot and Skill have the same version of furhat-commons
14:36:47 [Broker Client] WARN  Event:194 - Could not set field completed with type class java.lang.Boolean on builder class furhatos.event.monitors.MonitorGestureEnd$Builder : null
14:36:47 [Broker Client] WARN  Event:196 - Verify that the SDK/Robot and Skill have the same version of furhat-commons
14:36:53 [Broker Client] WARN  Event:194 - Could not set field completed with type class java.lang.Boolean on builder class furhatos.event.monitors.MonitorGestureEnd$Builder : null
14:36:53 [Broker Client] WARN  Event:196 - Verify that the SDK/Robot and Skill have the same version of furhat-commons
14:37:01 [Broker Client] WARN  Event:194 - Could not set field completed with type class java.lang.Boolean on builder class furhatos.event.monitors.MonitorGestureEnd$Builder : null
14:37:01 [Broker Client] WARN  Event:196 - Verify that the SDK/Robot and Skill have the same version of furhat-commons
14:37:05 [Broker Client] WARN  Event:194 - Could not set field completed with type class java.lang.Boolean on builder class furhatos.event.monitors.MonitorGestureEnd$Builder : null
14:37:05 [Broker Client] WARN  Event:196 - Verify that the SDK/Robot and Skill have the same version of furhat-commons
14:37:09 [Broker Client] WARN  Event:194 - Could not set field completed with type class java.lang.Boolean on builder class furhatos.event.monitors.MonitorGestureEnd$Builder : null
14:37:09 [Broker Client] WARN  Event:196 - Verify that the SDK/Robot and Skill have the same version of furhat-commons
14:37:16 [Broker Client] WARN  Event:194 - Could not set field completed with type class java.lang.Boolean on builder class furhatos.event.monitors.MonitorGestureEnd$Builder : null
14:37:16 [Broker Client] WARN  Event:196 - Verify that the SDK/Robot and Skill have the same version of furhat-commons
14:37:20 [Broker Client] WARN  Event:194 - Could not set field completed with type class java.lang.Boolean on builder class furhatos.event.monitors.MonitorGestureEnd$Builder : null
14:37:20 [Broker Client] WARN  Event:196 - Verify that the SDK/Robot and Skill have the same version of furhat-commons
14:37:24 [Broker Client] WARN  Event:194 - Could not set field completed with type class java.lang.Boolean on builder class furhatos.event.monitors.MonitorGestureEnd$Builder : null
14:37:24 [Broker Client] WARN  Event:196 - Verify that the SDK/Robot and Skill have the same version of furhat-commons
14:37:30 [Broker Client] WARN  Event:194 - Could not set field completed with type class java.lang.Boolean on builder class furhatos.event.monitors.MonitorGestureEnd$Builder : null
14:37:30 [Broker Client] WARN  Event:196 - Verify that the SDK/Robot and Skill have the same version of furhat-commons
14:37:35 [Broker Client] WARN  Event:194 - Could not set field completed with type class java.lang.Boolean on builder class furhatos.event.monitors.MonitorGestureEnd$Builder : null
14:37:35 [Broker Client] WARN  Event:196 - Verify that the SDK/Robot and Skill have the same version of furhat-commons
14:37:38 [Broker Client] WARN  Event:194 - Could not set field completed with type class java.lang.Boolean on builder class furhatos.event.monitors.MonitorGestureEnd$Builder : null
14:37:38 [Broker Client] WARN  Event:196 - Verify that the SDK/Robot and Skill have the same version of furhat-commons
14:37:43 [Broker Client] WARN  Event:194 - Could not set field completed with type class java.lang.Boolean on builder class furhatos.event.monitors.MonitorGestureEnd$Builder : null
14:37:43 [Broker Client] WARN  Event:196 - Verify that the SDK/Robot and Skill have the same version of furhat-commons
14:37:50 [Broker Client] WARN  Event:194 - Could not set field completed with type class java.lang.Boolean on builder class furhatos.event.monitors.MonitorGestureEnd$Builder : null
14:37:50 [Broker Client] WARN  Event:196 - Verify that the SDK/Robot and Skill have the same version of furhat-commons
14:37:54 [Broker Client] WARN  Event:194 - Could not set field completed with type class java.lang.Boolean on builder class furhatos.event.monitors.MonitorGestureEnd$Builder : null
14:37:54 [Broker Client] WARN  Event:196 - Verify that the SDK/Robot and Skill have the same version of furhat-commons
14:37:58 [Broker Client] WARN  Event:194 - Could not set field completed with type class java.lang.Boolean on builder class furhatos.event.monitors.MonitorGestureEnd$Builder : null
14:37:58 [Broker Client] WARN  Event:196 - Verify that the SDK/Robot and Skill have the same version of furhat-commons
14:38:05 [Broker Client] WARN  Event:194 - Could not set field completed with type class java.lang.Boolean on builder class furhatos.event.monitors.MonitorGestureEnd$Builder : null
14:38:05 [Broker Client] WARN  Event:196 - Verify that the SDK/Robot and Skill have the same version of furhat-commons
14:38:11 [Broker Client] WARN  Event:194 - Could not set field completed with type class java.lang.Boolean on builder class furhatos.event.monitors.MonitorGestureEnd$Builder : null
14:38:11 [Broker Client] WARN  Event:196 - Verify that the SDK/Robot and Skill have the same version of furhat-commons
14:38:16 [Broker Client] WARN  Event:194 - Could not set field completed with type class java.lang.Boolean on builder class furhatos.event.monitors.MonitorGestureEnd$Builder : null
14:38:16 [Broker Client] WARN  Event:196 - Verify that the SDK/Robot and Skill have the same version of furhat-commons
14:38:23 [Broker Client] WARN  Event:194 - Could not set field completed with type class java.lang.Boolean on builder class furhatos.event.monitors.MonitorGestureEnd$Builder : null
14:38:23 [Broker Client] WARN  Event:196 - Verify that the SDK/Robot and Skill have the same version of furhat-commons
14:38:29 [Broker Client] WARN  Event:194 - Could not set field completed with type class java.lang.Boolean on builder class furhatos.event.monitors.MonitorGestureEnd$Builder : null
14:38:29 [Broker Client] WARN  Event:196 - Verify that the SDK/Robot and Skill have the same version of furhat-commons
14:38:34 [Broker Client] WARN  Event:194 - Could not set field completed with type class java.lang.Boolean on builder class furhatos.event.monitors.MonitorGestureEnd$Builder : null
14:38:34 [Broker Client] WARN  Event:196 - Verify that the SDK/Robot and Skill have the same version of furhat-commons
14:38:40 [Broker Client] WARN  Event:194 - Could not set field completed with type class java.lang.Boolean on builder class furhatos.event.monitors.MonitorGestureEnd$Builder : null
14:38:40 [Broker Client] WARN  Event:196 - Verify that the SDK/Robot and Skill have the same version of furhat-commons
14:38:47 [Broker Client] WARN  Event:194 - Could not set field completed with type class java.lang.Boolean on builder class furhatos.event.monitors.MonitorGestureEnd$Builder : null
14:38:47 [Broker Client] WARN  Event:196 - Verify that the SDK/Robot and Skill have the same version of furhat-commons
14:38:51 [Broker Client] WARN  Event:194 - Could not set field completed with type class java.lang.Boolean on builder class furhatos.event.monitors.MonitorGestureEnd$Builder : null
14:38:51 [Broker Client] WARN  Event:196 - Verify that the SDK/Robot and Skill have the same version of furhat-commons
14:38:56 [Broker Client] WARN  Event:194 - Could not set field completed with type class java.lang.Boolean on builder class furhatos.event.monitors.MonitorGestureEnd$Builder : null
14:38:56 [Broker Client] WARN  Event:196 - Verify that the SDK/Robot and Skill have the same version of furhat-commons
14:39:01 [Broker Client] WARN  Event:194 - Could not set field completed with type class java.lang.Boolean on builder class furhatos.event.monitors.MonitorGestureEnd$Builder : null
14:39:01 [Broker Client] WARN  Event:196 - Verify that the SDK/Robot and Skill have the same version of furhat-commons
14:39:09 [Broker Client] WARN  Event:194 - Could not set field completed with type class java.lang.Boolean on builder class furhatos.event.monitors.MonitorGestureEnd$Builder : null
14:39:09 [Broker Client] WARN  Event:196 - Verify that the SDK/Robot and Skill have the same version of furhat-commons
14:39:16 [Broker Client] WARN  Event:194 - Could not set field completed with type class java.lang.Boolean on builder class furhatos.event.monitors.MonitorGestureEnd$Builder : null
14:39:16 [Broker Client] WARN  Event:196 - Verify that the SDK/Robot and Skill have the same version of furhat-commons
14:39:21 [Broker Client] WARN  Event:194 - Could not set field completed with type class java.lang.Boolean on builder class furhatos.event.monitors.MonitorGestureEnd$Builder : null
14:39:21 [Broker Client] WARN  Event:196 - Verify that the SDK/Robot and Skill have the same version of furhat-commons
14:39:26 [Broker Client] WARN  Event:194 - Could not set field completed with type class java.lang.Boolean on builder class furhatos.event.monitors.MonitorGestureEnd$Builder : null
14:39:26 [Broker Client] WARN  Event:196 - Verify that the SDK/Robot and Skill have the same version of furhat-commons
14:39:32 [Broker Client] WARN  Event:194 - Could not set field completed with type class java.lang.Boolean on builder class furhatos.event.monitors.MonitorGestureEnd$Builder : null
14:39:32 [Broker Client] WARN  Event:196 - Verify that the SDK/Robot and Skill have the same version of furhat-commons
14:39:37 [Broker Client] WARN  Event:194 - Could not set field completed with type class java.lang.Boolean on builder class furhatos.event.monitors.MonitorGestureEnd$Builder : null
14:39:37 [Broker Client] WARN  Event:196 - Verify that the SDK/Robot and Skill have the same version of furhat-commons
14:39:42 [Broker Client] WARN  Event:194 - Could not set field completed with type class java.lang.Boolean on builder class furhatos.event.monitors.MonitorGestureEnd$Builder : null
14:39:42 [Broker Client] WARN  Event:196 - Verify that the SDK/Robot and Skill have the same version of furhat-commons
14:39:46 [Broker Client] WARN  Event:194 - Could not set field completed with type class java.lang.Boolean on builder class furhatos.event.monitors.MonitorGestureEnd$Builder : null
14:39:46 [Broker Client] WARN  Event:196 - Verify that the SDK/Robot and Skill have the same version of furhat-commons
14:39:52 [Broker Client] WARN  Event:194 - Could not set field completed with type class java.lang.Boolean on builder class furhatos.event.monitors.MonitorGestureEnd$Builder : null
14:39:52 [Broker Client] WARN  Event:196 - Verify that the SDK/Robot and Skill have the same version of furhat-commons
14:39:56 [Broker Client] WARN  Event:194 - Could not set field completed with type class java.lang.Boolean on builder class furhatos.event.monitors.MonitorGestureEnd$Builder : null
14:39:56 [Broker Client] WARN  Event:196 - Verify that the SDK/Robot and Skill have the same version of furhat-commons
14:40:02 [Broker Client] WARN  Event:194 - Could not set field completed with type class java.lang.Boolean on builder class furhatos.event.monitors.MonitorGestureEnd$Builder : null
14:40:02 [Broker Client] WARN  Event:196 - Verify that the SDK/Robot and Skill have the same version of furhat-commons
14:40:06 [Broker Client] WARN  Event:194 - Could not set field completed with type class java.lang.Boolean on builder class furhatos.event.monitors.MonitorGestureEnd$Builder : null
14:40:06 [Broker Client] WARN  Event:196 - Verify that the SDK/Robot and Skill have the same version of furhat-commons
14:40:10 [Broker Client] WARN  Event:194 - Could not set field completed with type class java.lang.Boolean on builder class furhatos.event.monitors.MonitorGestureEnd$Builder : null
14:40:10 [Broker Client] WARN  Event:196 - Verify that the SDK/Robot and Skill have the same version of furhat-commons
14:40:14 [Broker Client] WARN  Event:194 - Could not set field completed with type class java.lang.Boolean on builder class furhatos.event.monitors.MonitorGestureEnd$Builder : null
14:40:14 [Broker Client] WARN  Event:196 - Verify that the SDK/Robot and Skill have the same version of furhat-commons
14:40:22 [Broker Client] WARN  Event:194 - Could not set field completed with type class java.lang.Boolean on builder class furhatos.event.monitors.MonitorGestureEnd$Builder : null
14:40:22 [Broker Client] WARN  Event:196 - Verify that the SDK/Robot and Skill have the same version of furhat-commons
14:40:29 [Broker Client] WARN  Event:194 - Could not set field completed with type class java.lang.Boolean on builder class furhatos.event.monitors.MonitorGestureEnd$Builder : null
14:40:29 [Broker Client] WARN  Event:196 - Verify that the SDK/Robot and Skill have the same version of furhat-commons
14:40:32 [Broker Client] WARN  Event:194 - Could not set field completed with type class java.lang.Boolean on builder class furhatos.event.monitors.MonitorGestureEnd$Builder : null
14:40:32 [Broker Client] WARN  Event:196 - Verify that the SDK/Robot and Skill have the same version of furhat-commons
14:40:39 [Broker Client] WARN  Event:194 - Could not set field completed with type class java.lang.Boolean on builder class furhatos.event.monitors.MonitorGestureEnd$Builder : null
14:40:39 [Broker Client] WARN  Event:196 - Verify that the SDK/Robot and Skill have the same version of furhat-commons
14:40:46 [Broker Client] WARN  Event:194 - Could not set field completed with type class java.lang.Boolean on builder class furhatos.event.monitors.MonitorGestureEnd$Builder : null
14:40:46 [Broker Client] WARN  Event:196 - Verify that the SDK/Robot and Skill have the same version of furhat-commons
14:40:49 [Broker Client] WARN  Event:194 - Could not set field completed with type class java.lang.Boolean on builder class furhatos.event.monitors.MonitorGestureEnd$Builder : null
14:40:49 [Broker Client] WARN  Event:196 - Verify that the SDK/Robot and Skill have the same version of furhat-commons
14:40:53 [Broker Client] WARN  Event:194 - Could not set field completed with type class java.lang.Boolean on builder class furhatos.event.monitors.MonitorGestureEnd$Builder : null
14:40:53 [Broker Client] WARN  Event:196 - Verify that the SDK/Robot and Skill have the same version of furhat-commons
14:40:57 [Broker Client] WARN  Event:194 - Could not set field completed with type class java.lang.Boolean on builder class furhatos.event.monitors.MonitorGestureEnd$Builder : null
14:40:57 [Broker Client] WARN  Event:196 - Verify that the SDK/Robot and Skill have the same version of furhat-commons
14:41:01 [Broker Client] WARN  Event:194 - Could not set field completed with type class java.lang.Boolean on builder class furhatos.event.monitors.MonitorGestureEnd$Builder : null
14:41:01 [Broker Client] WARN  Event:196 - Verify that the SDK/Robot and Skill have the same version of furhat-commons
14:41:04 [Broker Client] WARN  Event:194 - Could not set field completed with type class java.lang.Boolean on builder class furhatos.event.monitors.MonitorGestureEnd$Builder : null
14:41:04 [Broker Client] WARN  Event:196 - Verify that the SDK/Robot and Skill have the same version of furhat-commons
14:41:11 [Broker Client] WARN  Event:194 - Could not set field completed with type class java.lang.Boolean on builder class furhatos.event.monitors.MonitorGestureEnd$Builder : null
14:41:11 [Broker Client] WARN  Event:196 - Verify that the SDK/Robot and Skill have the same version of furhat-commons
14:41:15 [Broker Client] WARN  Event:194 - Could not set field completed with type class java.lang.Boolean on builder class furhatos.event.monitors.MonitorGestureEnd$Builder : null
14:41:15 [Broker Client] WARN  Event:196 - Verify that the SDK/Robot and Skill have the same version of furhat-commons
14:41:22 [Broker Client] WARN  Event:194 - Could not set field completed with type class java.lang.Boolean on builder class furhatos.event.monitors.MonitorGestureEnd$Builder : null
14:41:22 [Broker Client] WARN  Event:196 - Verify that the SDK/Robot and Skill have the same version of furhat-commons
14:41:29 [Broker Client] WARN  Event:194 - Could not set field completed with type class java.lang.Boolean on builder class furhatos.event.monitors.MonitorGestureEnd$Builder : null
14:41:29 [Broker Client] WARN  Event:196 - Verify that the SDK/Robot and Skill have the same version of furhat-commons
14:41:36 [Broker Client] WARN  Event:194 - Could not set field completed with type class java.lang.Boolean on builder class furhatos.event.monitors.MonitorGestureEnd$Builder : null
14:41:36 [Broker Client] WARN  Event:196 - Verify that the SDK/Robot and Skill have the same version of furhat-commons
14:41:40 [Broker Client] WARN  Event:194 - Could not set field completed with type class java.lang.Boolean on builder class furhatos.event.monitors.MonitorGestureEnd$Builder : null
14:41:40 [Broker Client] WARN  Event:196 - Verify that the SDK/Robot and Skill have the same version of furhat-commons
14:41:44 [Broker Client] WARN  Event:194 - Could not set field completed with type class java.lang.Boolean on builder class furhatos.event.monitors.MonitorGestureEnd$Builder : null
14:41:44 [Broker Client] WARN  Event:196 - Verify that the SDK/Robot and Skill have the same version of furhat-commons
14:41:48 [Broker Client] WARN  Event:194 - Could not set field completed with type class java.lang.Boolean on builder class furhatos.event.monitors.MonitorGestureEnd$Builder : null
14:41:48 [Broker Client] WARN  Event:196 - Verify that the SDK/Robot and Skill have the same version of furhat-commons
14:41:53 [Broker Client] WARN  Event:194 - Could not set field completed with type class java.lang.Boolean on builder class furhatos.event.monitors.MonitorGestureEnd$Builder : null
14:41:53 [Broker Client] WARN  Event:196 - Verify that the SDK/Robot and Skill have the same version of furhat-commons
14:41:58 [Broker Client] WARN  Event:194 - Could not set field completed with type class java.lang.Boolean on builder class furhatos.event.monitors.MonitorGestureEnd$Builder : null
14:41:58 [Broker Client] WARN  Event:196 - Verify that the SDK/Robot and Skill have the same version of furhat-commons
14:42:02 [Broker Client] WARN  Event:194 - Could not set field completed with type class java.lang.Boolean on builder class furhatos.event.monitors.MonitorGestureEnd$Builder : null
14:42:02 [Broker Client] WARN  Event:196 - Verify that the SDK/Robot and Skill have the same version of furhat-commons
14:42:09 [Broker Client] WARN  Event:194 - Could not set field completed with type class java.lang.Boolean on builder class furhatos.event.monitors.MonitorGestureEnd$Builder : null
14:42:09 [Broker Client] WARN  Event:196 - Verify that the SDK/Robot and Skill have the same version of furhat-commons
14:42:14 [Broker Client] WARN  Event:194 - Could not set field completed with type class java.lang.Boolean on builder class furhatos.event.monitors.MonitorGestureEnd$Builder : null
14:42:14 [Broker Client] WARN  Event:196 - Verify that the SDK/Robot and Skill have the same version of furhat-commons
14:42:20 [Broker Client] WARN  Event:194 - Could not set field completed with type class java.lang.Boolean on builder class furhatos.event.monitors.MonitorGestureEnd$Builder : null
14:42:20 [Broker Client] WARN  Event:196 - Verify that the SDK/Robot and Skill have the same version of furhat-commons
14:42:23 [Broker Client] WARN  Event:194 - Could not set field completed with type class java.lang.Boolean on builder class furhatos.event.monitors.MonitorGestureEnd$Builder : null
14:42:23 [Broker Client] WARN  Event:196 - Verify that the SDK/Robot and Skill have the same version of furhat-commons
14:42:30 [Broker Client] WARN  Event:194 - Could not set field completed with type class java.lang.Boolean on builder class furhatos.event.monitors.MonitorGestureEnd$Builder : null
14:42:30 [Broker Client] WARN  Event:196 - Verify that the SDK/Robot and Skill have the same version of furhat-commons
14:42:37 [Broker Client] WARN  Event:194 - Could not set field completed with type class java.lang.Boolean on builder class furhatos.event.monitors.MonitorGestureEnd$Builder : null
14:42:37 [Broker Client] WARN  Event:196 - Verify that the SDK/Robot and Skill have the same version of furhat-commons
14:42:45 [Broker Client] WARN  Event:194 - Could not set field completed with type class java.lang.Boolean on builder class furhatos.event.monitors.MonitorGestureEnd$Builder : null
14:42:45 [Broker Client] WARN  Event:196 - Verify that the SDK/Robot and Skill have the same version of furhat-commons
14:42:53 [Broker Client] WARN  Event:194 - Could not set field completed with type class java.lang.Boolean on builder class furhatos.event.monitors.MonitorGestureEnd$Builder : null
14:42:53 [Broker Client] WARN  Event:196 - Verify that the SDK/Robot and Skill have the same version of furhat-commons
14:42:56 [Broker Client] WARN  Event:194 - Could not set field completed with type class java.lang.Boolean on builder class furhatos.event.monitors.MonitorGestureEnd$Builder : null
14:42:56 [Broker Client] WARN  Event:196 - Verify that the SDK/Robot and Skill have the same version of furhat-commons
14:43:01 [Broker Client] WARN  Event:194 - Could not set field completed with type class java.lang.Boolean on builder class furhatos.event.monitors.MonitorGestureEnd$Builder : null
14:43:01 [Broker Client] WARN  Event:196 - Verify that the SDK/Robot and Skill have the same version of furhat-commons
14:43:04 [Broker Client] WARN  Event:194 - Could not set field completed with type class java.lang.Boolean on builder class furhatos.event.monitors.MonitorGestureEnd$Builder : null
14:43:04 [Broker Client] WARN  Event:196 - Verify that the SDK/Robot and Skill have the same version of furhat-commons
14:43:08 [Broker Client] WARN  Event:194 - Could not set field completed with type class java.lang.Boolean on builder class furhatos.event.monitors.MonitorGestureEnd$Builder : null
14:43:08 [Broker Client] WARN  Event:196 - Verify that the SDK/Robot and Skill have the same version of furhat-commons
14:43:15 [Broker Client] WARN  Event:194 - Could not set field completed with type class java.lang.Boolean on builder class furhatos.event.monitors.MonitorGestureEnd$Builder : null
14:43:15 [Broker Client] WARN  Event:196 - Verify that the SDK/Robot and Skill have the same version of furhat-commons
14:43:19 [Broker Client] WARN  Event:194 - Could not set field completed with type class java.lang.Boolean on builder class furhatos.event.monitors.MonitorGestureEnd$Builder : null
14:43:19 [Broker Client] WARN  Event:196 - Verify that the SDK/Robot and Skill have the same version of furhat-commons
14:43:26 [Broker Client] WARN  Event:194 - Could not set field completed with type class java.lang.Boolean on builder class furhatos.event.monitors.MonitorGestureEnd$Builder : null
14:43:26 [Broker Client] WARN  Event:196 - Verify that the SDK/Robot and Skill have the same version of furhat-commons
14:43:31 [Broker Client] WARN  Event:194 - Could not set field completed with type class java.lang.Boolean on builder class furhatos.event.monitors.MonitorGestureEnd$Builder : null
14:43:31 [Broker Client] WARN  Event:196 - Verify that the SDK/Robot and Skill have the same version of furhat-commons
14:43:34 [Broker Client] WARN  Event:194 - Could not set field completed with type class java.lang.Boolean on builder class furhatos.event.monitors.MonitorGestureEnd$Builder : null
14:43:34 [Broker Client] WARN  Event:196 - Verify that the SDK/Robot and Skill have the same version of furhat-commons
14:43:41 [Broker Client] WARN  Event:194 - Could not set field completed with type class java.lang.Boolean on builder class furhatos.event.monitors.MonitorGestureEnd$Builder : null
14:43:41 [Broker Client] WARN  Event:196 - Verify that the SDK/Robot and Skill have the same version of furhat-commons
14:43:44 [Broker Client] WARN  Event:194 - Could not set field completed with type class java.lang.Boolean on builder class furhatos.event.monitors.MonitorGestureEnd$Builder : null
14:43:44 [Broker Client] WARN  Event:196 - Verify that the SDK/Robot and Skill have the same version of furhat-commons
14:43:49 [Broker Client] WARN  Event:194 - Could not set field completed with type class java.lang.Boolean on builder class furhatos.event.monitors.MonitorGestureEnd$Builder : null
14:43:49 [Broker Client] WARN  Event:196 - Verify that the SDK/Robot and Skill have the same version of furhat-commons
14:43:56 [Broker Client] WARN  Event:194 - Could not set field completed with type class java.lang.Boolean on builder class furhatos.event.monitors.MonitorGestureEnd$Builder : null
14:43:56 [Broker Client] WARN  Event:196 - Verify that the SDK/Robot and Skill have the same version of furhat-commons
14:44:03 [Broker Client] WARN  Event:194 - Could not set field completed with type class java.lang.Boolean on builder class furhatos.event.monitors.MonitorGestureEnd$Builder : null
14:44:03 [Broker Client] WARN  Event:196 - Verify that the SDK/Robot and Skill have the same version of furhat-commons
14:44:10 [Broker Client] WARN  Event:194 - Could not set field completed with type class java.lang.Boolean on builder class furhatos.event.monitors.MonitorGestureEnd$Builder : null
14:44:10 [Broker Client] WARN  Event:196 - Verify that the SDK/Robot and Skill have the same version of furhat-commons
14:44:16 [Broker Client] WARN  Event:194 - Could not set field completed with type class java.lang.Boolean on builder class furhatos.event.monitors.MonitorGestureEnd$Builder : null
14:44:16 [Broker Client] WARN  Event:196 - Verify that the SDK/Robot and Skill have the same version of furhat-commons
14:44:21 [Broker Client] WARN  Event:194 - Could not set field completed with type class java.lang.Boolean on builder class furhatos.event.monitors.MonitorGestureEnd$Builder : null
14:44:21 [Broker Client] WARN  Event:196 - Verify that the SDK/Robot and Skill have the same version of furhat-commons
14:44:28 [Broker Client] WARN  Event:194 - Could not set field completed with type class java.lang.Boolean on builder class furhatos.event.monitors.MonitorGestureEnd$Builder : null
14:44:28 [Broker Client] WARN  Event:196 - Verify that the SDK/Robot and Skill have the same version of furhat-commons
14:44:31 [Broker Client] WARN  Event:194 - Could not set field completed with type class java.lang.Boolean on builder class furhatos.event.monitors.MonitorGestureEnd$Builder : null
14:44:31 [Broker Client] WARN  Event:196 - Verify that the SDK/Robot and Skill have the same version of furhat-commons
14:44:36 [Broker Client] WARN  Event:194 - Could not set field completed with type class java.lang.Boolean on builder class furhatos.event.monitors.MonitorGestureEnd$Builder : null
14:44:36 [Broker Client] WARN  Event:196 - Verify that the SDK/Robot and Skill have the same version of furhat-commons
14:44:41 [Broker Client] WARN  Event:194 - Could not set field completed with type class java.lang.Boolean on builder class furhatos.event.monitors.MonitorGestureEnd$Builder : null
14:44:41 [Broker Client] WARN  Event:196 - Verify that the SDK/Robot and Skill have the same version of furhat-commons
14:44:46 [Broker Client] WARN  Event:194 - Could not set field completed with type class java.lang.Boolean on builder class furhatos.event.monitors.MonitorGestureEnd$Builder : null
14:44:46 [Broker Client] WARN  Event:196 - Verify that the SDK/Robot and Skill have the same version of furhat-commons
14:44:53 [Broker Client] WARN  Event:194 - Could not set field completed with type class java.lang.Boolean on builder class furhatos.event.monitors.MonitorGestureEnd$Builder : null
14:44:53 [Broker Client] WARN  Event:196 - Verify that the SDK/Robot and Skill have the same version of furhat-commons
14:44:58 [Broker Client] WARN  Event:194 - Could not set field completed with type class java.lang.Boolean on builder class furhatos.event.monitors.MonitorGestureEnd$Builder : null
14:44:58 [Broker Client] WARN  Event:196 - Verify that the SDK/Robot and Skill have the same version of furhat-commons
14:45:05 [Broker Client] WARN  Event:194 - Could not set field completed with type class java.lang.Boolean on builder class furhatos.event.monitors.MonitorGestureEnd$Builder : null
14:45:05 [Broker Client] WARN  Event:196 - Verify that the SDK/Robot and Skill have the same version of furhat-commons
14:45:11 [Broker Client] WARN  Event:194 - Could not set field completed with type class java.lang.Boolean on builder class furhatos.event.monitors.MonitorGestureEnd$Builder : null
14:45:11 [Broker Client] WARN  Event:196 - Verify that the SDK/Robot and Skill have the same version of furhat-commons
14:45:19 [Broker Client] WARN  Event:194 - Could not set field completed with type class java.lang.Boolean on builder class furhatos.event.monitors.MonitorGestureEnd$Builder : null
14:45:19 [Broker Client] WARN  Event:196 - Verify that the SDK/Robot and Skill have the same version of furhat-commons
14:45:21 [Broker Client] WARN  Event:194 - Could not set field completed with type class java.lang.Boolean on builder class furhatos.event.monitors.MonitorGestureEnd$Builder : null
14:45:21 [Broker Client] WARN  Event:196 - Verify that the SDK/Robot and Skill have the same version of furhat-commons
14:45:28 [Broker Client] WARN  Event:194 - Could not set field completed with type class java.lang.Boolean on builder class furhatos.event.monitors.MonitorGestureEnd$Builder : null
14:45:28 [Broker Client] WARN  Event:196 - Verify that the SDK/Robot and Skill have the same version of furhat-commons
14:45:32 [Broker Client] WARN  Event:194 - Could not set field completed with type class java.lang.Boolean on builder class furhatos.event.monitors.MonitorGestureEnd$Builder : null
14:45:32 [Broker Client] WARN  Event:196 - Verify that the SDK/Robot and Skill have the same version of furhat-commons
14:45:36 [Broker Client] WARN  Event:194 - Could not set field completed with type class java.lang.Boolean on builder class furhatos.event.monitors.MonitorGestureEnd$Builder : null
14:45:36 [Broker Client] WARN  Event:196 - Verify that the SDK/Robot and Skill have the same version of furhat-commons
14:45:39 [Broker Client] WARN  Event:194 - Could not set field completed with type class java.lang.Boolean on builder class furhatos.event.monitors.MonitorGestureEnd$Builder : null
14:45:39 [Broker Client] WARN  Event:196 - Verify that the SDK/Robot and Skill have the same version of furhat-commons
14:45:43 [Broker Client] WARN  Event:194 - Could not set field completed with type class java.lang.Boolean on builder class furhatos.event.monitors.MonitorGestureEnd$Builder : null
14:45:43 [Broker Client] WARN  Event:196 - Verify that the SDK/Robot and Skill have the same version of furhat-commons
14:45:50 [Broker Client] WARN  Event:194 - Could not set field completed with type class java.lang.Boolean on builder class furhatos.event.monitors.MonitorGestureEnd$Builder : null
14:45:50 [Broker Client] WARN  Event:196 - Verify that the SDK/Robot and Skill have the same version of furhat-commons
14:45:54 [Broker Client] WARN  Event:194 - Could not set field completed with type class java.lang.Boolean on builder class furhatos.event.monitors.MonitorGestureEnd$Builder : null
14:45:54 [Broker Client] WARN  Event:196 - Verify that the SDK/Robot and Skill have the same version of furhat-commons
14:45:59 [Broker Client] WARN  Event:194 - Could not set field completed with type class java.lang.Boolean on builder class furhatos.event.monitors.MonitorGestureEnd$Builder : null
14:45:59 [Broker Client] WARN  Event:196 - Verify that the SDK/Robot and Skill have the same version of furhat-commons
14:46:05 [Broker Client] WARN  Event:194 - Could not set field completed with type class java.lang.Boolean on builder class furhatos.event.monitors.MonitorGestureEnd$Builder : null
14:46:05 [Broker Client] WARN  Event:196 - Verify that the SDK/Robot and Skill have the same version of furhat-commons
14:46:11 [Broker Client] WARN  Event:194 - Could not set field completed with type class java.lang.Boolean on builder class furhatos.event.monitors.MonitorGestureEnd$Builder : null
14:46:11 [Broker Client] WARN  Event:196 - Verify that the SDK/Robot and Skill have the same version of furhat-commons
14:46:17 [Broker Client] WARN  Event:194 - Could not set field completed with type class java.lang.Boolean on builder class furhatos.event.monitors.MonitorGestureEnd$Builder : null
14:46:17 [Broker Client] WARN  Event:196 - Verify that the SDK/Robot and Skill have the same version of furhat-commons
14:46:21 [Broker Client] WARN  Event:194 - Could not set field completed with type class java.lang.Boolean on builder class furhatos.event.monitors.MonitorGestureEnd$Builder : null
14:46:21 [Broker Client] WARN  Event:196 - Verify that the SDK/Robot and Skill have the same version of furhat-commons
14:46:27 [Broker Client] WARN  Event:194 - Could not set field completed with type class java.lang.Boolean on builder class furhatos.event.monitors.MonitorGestureEnd$Builder : null
14:46:27 [Broker Client] WARN  Event:196 - Verify that the SDK/Robot and Skill have the same version of furhat-commons
14:46:34 [Broker Client] WARN  Event:194 - Could not set field completed with type class java.lang.Boolean on builder class furhatos.event.monitors.MonitorGestureEnd$Builder : null
14:46:34 [Broker Client] WARN  Event:196 - Verify that the SDK/Robot and Skill have the same version of furhat-commons
14:46:41 [Broker Client] WARN  Event:194 - Could not set field completed with type class java.lang.Boolean on builder class furhatos.event.monitors.MonitorGestureEnd$Builder : null
14:46:41 [Broker Client] WARN  Event:196 - Verify that the SDK/Robot and Skill have the same version of furhat-commons
14:46:43 [Broker Client] WARN  Event:194 - Could not set field completed with type class java.lang.Boolean on builder class furhatos.event.monitors.MonitorGestureEnd$Builder : null
14:46:43 [Broker Client] WARN  Event:196 - Verify that the SDK/Robot and Skill have the same version of furhat-commons
14:46:51 [Broker Client] WARN  Event:194 - Could not set field completed with type class java.lang.Boolean on builder class furhatos.event.monitors.MonitorGestureEnd$Builder : null
14:46:51 [Broker Client] WARN  Event:196 - Verify that the SDK/Robot and Skill have the same version of furhat-commons
14:46:57 [Broker Client] WARN  Event:194 - Could not set field completed with type class java.lang.Boolean on builder class furhatos.event.monitors.MonitorGestureEnd$Builder : null
14:46:57 [Broker Client] WARN  Event:196 - Verify that the SDK/Robot and Skill have the same version of furhat-commons
14:47:05 [Broker Client] WARN  Event:194 - Could not set field completed with type class java.lang.Boolean on builder class furhatos.event.monitors.MonitorGestureEnd$Builder : null
14:47:05 [Broker Client] WARN  Event:196 - Verify that the SDK/Robot and Skill have the same version of furhat-commons
14:47:08 [Broker Client] WARN  Event:194 - Could not set field completed with type class java.lang.Boolean on builder class furhatos.event.monitors.MonitorGestureEnd$Builder : null
14:47:08 [Broker Client] WARN  Event:196 - Verify that the SDK/Robot and Skill have the same version of furhat-commons
14:47:12 [Broker Client] WARN  Event:194 - Could not set field completed with type class java.lang.Boolean on builder class furhatos.event.monitors.MonitorGestureEnd$Builder : null
14:47:12 [Broker Client] WARN  Event:196 - Verify that the SDK/Robot and Skill have the same version of furhat-commons
14:47:15 [Broker Client] WARN  Event:194 - Could not set field completed with type class java.lang.Boolean on builder class furhatos.event.monitors.MonitorGestureEnd$Builder : null
14:47:15 [Broker Client] WARN  Event:196 - Verify that the SDK/Robot and Skill have the same version of furhat-commons
14:47:21 [Broker Client] WARN  Event:194 - Could not set field completed with type class java.lang.Boolean on builder class furhatos.event.monitors.MonitorGestureEnd$Builder : null
14:47:21 [Broker Client] WARN  Event:196 - Verify that the SDK/Robot and Skill have the same version of furhat-commons
14:47:26 [Broker Client] WARN  Event:194 - Could not set field completed with type class java.lang.Boolean on builder class furhatos.event.monitors.MonitorGestureEnd$Builder : null
14:47:26 [Broker Client] WARN  Event:196 - Verify that the SDK/Robot and Skill have the same version of furhat-commons
14:47:32 [Broker Client] WARN  Event:194 - Could not set field completed with type class java.lang.Boolean on builder class furhatos.event.monitors.MonitorGestureEnd$Builder : null
14:47:32 [Broker Client] WARN  Event:196 - Verify that the SDK/Robot and Skill have the same version of furhat-commons
14:47:35 [Broker Client] WARN  Event:194 - Could not set field completed with type class java.lang.Boolean on builder class furhatos.event.monitors.MonitorGestureEnd$Builder : null
14:47:35 [Broker Client] WARN  Event:196 - Verify that the SDK/Robot and Skill have the same version of furhat-commons
14:47:37 [Broker Client] WARN  Event:194 - Could not set field completed with type class java.lang.Boolean on builder class furhatos.event.monitors.MonitorGestureEnd$Builder : null
14:47:37 [Broker Client] WARN  Event:196 - Verify that the SDK/Robot and Skill have the same version of furhat-commons
14:47:43 [Broker Client] WARN  Event:194 - Could not set field completed with type class java.lang.Boolean on builder class furhatos.event.monitors.MonitorGestureEnd$Builder : null
14:47:43 [Broker Client] WARN  Event:196 - Verify that the SDK/Robot and Skill have the same version of furhat-commons
14:47:45 [Broker Client] WARN  Event:194 - Could not set field completed with type class java.lang.Boolean on builder class furhatos.event.monitors.MonitorGestureEnd$Builder : null
14:47:45 [Broker Client] WARN  Event:196 - Verify that the SDK/Robot and Skill have the same version of furhat-commons
14:47:50 [Broker Client] WARN  Event:194 - Could not set field completed with type class java.lang.Boolean on builder class furhatos.event.monitors.MonitorGestureEnd$Builder : null
14:47:50 [Broker Client] WARN  Event:196 - Verify that the SDK/Robot and Skill have the same version of furhat-commons
14:47:56 [Broker Client] WARN  Event:194 - Could not set field completed with type class java.lang.Boolean on builder class furhatos.event.monitors.MonitorGestureEnd$Builder : null
14:47:56 [Broker Client] WARN  Event:196 - Verify that the SDK/Robot and Skill have the same version of furhat-commons
14:47:59 [Broker Client] WARN  Event:194 - Could not set field completed with type class java.lang.Boolean on builder class furhatos.event.monitors.MonitorGestureEnd$Builder : null
14:47:59 [Broker Client] WARN  Event:196 - Verify that the SDK/Robot and Skill have the same version of furhat-commons
14:48:06 [Broker Client] WARN  Event:194 - Could not set field completed with type class java.lang.Boolean on builder class furhatos.event.monitors.MonitorGestureEnd$Builder : null
14:48:06 [Broker Client] WARN  Event:196 - Verify that the SDK/Robot and Skill have the same version of furhat-commons
14:48:10 [Broker Client] WARN  Event:194 - Could not set field completed with type class java.lang.Boolean on builder class furhatos.event.monitors.MonitorGestureEnd$Builder : null
14:48:10 [Broker Client] WARN  Event:196 - Verify that the SDK/Robot and Skill have the same version of furhat-commons
14:48:18 [Broker Client] WARN  Event:194 - Could not set field completed with type class java.lang.Boolean on builder class furhatos.event.monitors.MonitorGestureEnd$Builder : null
14:48:18 [Broker Client] WARN  Event:196 - Verify that the SDK/Robot and Skill have the same version of furhat-commons
14:48:26 [Broker Client] WARN  Event:194 - Could not set field completed with type class java.lang.Boolean on builder class furhatos.event.monitors.MonitorGestureEnd$Builder : null
14:48:26 [Broker Client] WARN  Event:196 - Verify that the SDK/Robot and Skill have the same version of furhat-commons
14:48:33 [Broker Client] WARN  Event:194 - Could not set field completed with type class java.lang.Boolean on builder class furhatos.event.monitors.MonitorGestureEnd$Builder : null
14:48:33 [Broker Client] WARN  Event:196 - Verify that the SDK/Robot and Skill have the same version of furhat-commons
14:48:36 [Broker Client] WARN  Event:194 - Could not set field completed with type class java.lang.Boolean on builder class furhatos.event.monitors.MonitorGestureEnd$Builder : null
14:48:36 [Broker Client] WARN  Event:196 - Verify that the SDK/Robot and Skill have the same version of furhat-commons
14:48:40 [Broker Client] WARN  Event:194 - Could not set field completed with type class java.lang.Boolean on builder class furhatos.event.monitors.MonitorGestureEnd$Builder : null
14:48:40 [Broker Client] WARN  Event:196 - Verify that the SDK/Robot and Skill have the same version of furhat-commons
14:48:47 [Broker Client] WARN  Event:194 - Could not set field completed with type class java.lang.Boolean on builder class furhatos.event.monitors.MonitorGestureEnd$Builder : null
14:48:47 [Broker Client] WARN  Event:196 - Verify that the SDK/Robot and Skill have the same version of furhat-commons
14:48:49 [Broker Client] WARN  Event:194 - Could not set field completed with type class java.lang.Boolean on builder class furhatos.event.monitors.MonitorGestureEnd$Builder : null
14:48:49 [Broker Client] WARN  Event:196 - Verify that the SDK/Robot and Skill have the same version of furhat-commons
14:48:55 [Broker Client] WARN  Event:194 - Could not set field completed with type class java.lang.Boolean on builder class furhatos.event.monitors.MonitorGestureEnd$Builder : null
14:48:55 [Broker Client] WARN  Event:196 - Verify that the SDK/Robot and Skill have the same version of furhat-commons
14:48:59 [Broker Client] WARN  Event:194 - Could not set field completed with type class java.lang.Boolean on builder class furhatos.event.monitors.MonitorGestureEnd$Builder : null
14:48:59 [Broker Client] WARN  Event:196 - Verify that the SDK/Robot and Skill have the same version of furhat-commons
14:49:03 [Broker Client] WARN  Event:194 - Could not set field completed with type class java.lang.Boolean on builder class furhatos.event.monitors.MonitorGestureEnd$Builder : null
14:49:03 [Broker Client] WARN  Event:196 - Verify that the SDK/Robot and Skill have the same version of furhat-commons
14:49:09 [Broker Client] WARN  Event:194 - Could not set field completed with type class java.lang.Boolean on builder class furhatos.event.monitors.MonitorGestureEnd$Builder : null
14:49:09 [Broker Client] WARN  Event:196 - Verify that the SDK/Robot and Skill have the same version of furhat-commons
14:49:12 [Broker Client] WARN  Event:194 - Could not set field completed with type class java.lang.Boolean on builder class furhatos.event.monitors.MonitorGestureEnd$Builder : null
14:49:12 [Broker Client] WARN  Event:196 - Verify that the SDK/Robot and Skill have the same version of furhat-commons
14:49:16 [Broker Client] WARN  Event:194 - Could not set field completed with type class java.lang.Boolean on builder class furhatos.event.monitors.MonitorGestureEnd$Builder : null
14:49:16 [Broker Client] WARN  Event:196 - Verify that the SDK/Robot and Skill have the same version of furhat-commons
14:49:24 [Broker Client] WARN  Event:194 - Could not set field completed with type class java.lang.Boolean on builder class furhatos.event.monitors.MonitorGestureEnd$Builder : null
14:49:24 [Broker Client] WARN  Event:196 - Verify that the SDK/Robot and Skill have the same version of furhat-commons
14:49:30 [Broker Client] WARN  Event:194 - Could not set field completed with type class java.lang.Boolean on builder class furhatos.event.monitors.MonitorGestureEnd$Builder : null
14:49:30 [Broker Client] WARN  Event:196 - Verify that the SDK/Robot and Skill have the same version of furhat-commons
14:49:34 [Broker Client] WARN  Event:194 - Could not set field completed with type class java.lang.Boolean on builder class furhatos.event.monitors.MonitorGestureEnd$Builder : null
14:49:34 [Broker Client] WARN  Event:196 - Verify that the SDK/Robot and Skill have the same version of furhat-commons
14:49:39 [Broker Client] WARN  Event:194 - Could not set field completed with type class java.lang.Boolean on builder class furhatos.event.monitors.MonitorGestureEnd$Builder : null
14:49:39 [Broker Client] WARN  Event:196 - Verify that the SDK/Robot and Skill have the same version of furhat-commons
14:49:45 [Broker Client] WARN  Event:194 - Could not set field completed with type class java.lang.Boolean on builder class furhatos.event.monitors.MonitorGestureEnd$Builder : null
14:49:45 [Broker Client] WARN  Event:196 - Verify that the SDK/Robot and Skill have the same version of furhat-commons
14:49:52 [Broker Client] WARN  Event:194 - Could not set field completed with type class java.lang.Boolean on builder class furhatos.event.monitors.MonitorGestureEnd$Builder : null
14:49:52 [Broker Client] WARN  Event:196 - Verify that the SDK/Robot and Skill have the same version of furhat-commons
