14:22:00 [Skill] INFO  Skill:139 - Connecting to Furhat server on 130.229.185.157:1932
14:22:00 [Broker Client] WARN  Event:194 - Could not set field hash with type class java.lang.String on builder class furhatos.event.monitors.MonitorSkillConnect$Builder : null
14:22:00 [Broker Client] WARN  Event:196 - Verify that the SDK/Robot and Skill have the same version of furhat-commons
14:22:00 [FruitsellertemplateSkill] INFO  FruitsellertemplateSkill:166 - Starting skill
14:22:03 [Broker Client] WARN  Event:194 - Could not set field completed with type class java.lang.Boolean on builder class furhatos.event.monitors.MonitorGestureEnd$Builder : null
14:22:03 [Broker Client] WARN  Event:196 - Verify that the SDK/Robot and Skill have the same version of furhat-commons
14:22:04 [Broker Client] WARN  Event:194 - Could not set field completed with type class java.lang.Boolean on builder class furhatos.event.monitors.MonitorGestureEnd$Builder : null
14:22:04 [Broker Client] WARN  Event:196 - Verify that the SDK/Robot and Skill have the same version of furhat-commons
14:22:05 [Broker Client] WARN  Event:194 - Could not set field completed with type class java.lang.Boolean on builder class furhatos.event.monitors.MonitorGestureEnd$Builder : null
14:22:05 [Broker Client] WARN  Event:196 - Verify that the SDK/Robot and Skill have the same version of furhat-commons
14:22:07 [Broker Client] WARN  Event:194 - Could not set field completed with type class java.lang.Boolean on builder class furhatos.event.monitors.MonitorGestureEnd$Builder : null
14:22:07 [Broker Client] WARN  Event:196 - Verify that the SDK/Robot and Skill have the same version of furhat-commons
14:22:08 [Broker Client] WARN  Event:194 - Could not set field completed with type class java.lang.Boolean on builder class furhatos.event.monitors.MonitorGestureEnd$Builder : null
14:22:08 [Broker Client] WARN  Event:196 - Verify that the SDK/Robot and Skill have the same version of furhat-commons
14:22:10 [Broker Client] WARN  Event:194 - Could not set field completed with type class java.lang.Boolean on builder class furhatos.event.monitors.MonitorGestureEnd$Builder : null
14:22:10 [Broker Client] WARN  Event:196 - Verify that the SDK/Robot and Skill have the same version of furhat-commons
14:22:12 [Broker Client] WARN  Event:194 - Could not set field completed with type class java.lang.Boolean on builder class furhatos.event.monitors.MonitorGestureEnd$Builder : null
14:22:12 [Broker Client] WARN  Event:196 - Verify that the SDK/Robot and Skill have the same version of furhat-commons
14:22:12 [Broker Client] WARN  Event:194 - Could not set field completed with type class java.lang.Boolean on builder class furhatos.event.monitors.MonitorGestureEnd$Builder : null
14:22:12 [Broker Client] WARN  Event:196 - Verify that the SDK/Robot and Skill have the same version of furhat-commons
14:22:13 [Broker Client] WARN  Event:194 - Could not set field completed with type class java.lang.Boolean on builder class furhatos.event.monitors.MonitorGestureEnd$Builder : null
14:22:13 [Broker Client] WARN  Event:196 - Verify that the SDK/Robot and Skill have the same version of furhat-commons
14:22:15 [Broker Client] WARN  Event:194 - Could not set field completed with type class java.lang.Boolean on builder class furhatos.event.monitors.MonitorGestureEnd$Builder : null
14:22:15 [Broker Client] WARN  Event:196 - Verify that the SDK/Robot and Skill have the same version of furhat-commons
14:22:15 [Broker Client] WARN  Event:194 - Could not set field completed with type class java.lang.Boolean on builder class furhatos.event.monitors.MonitorGestureEnd$Builder : null
14:22:15 [Broker Client] WARN  Event:196 - Verify that the SDK/Robot and Skill have the same version of furhat-commons
14:22:17 [Broker Client] WARN  Event:194 - Could not set field completed with type class java.lang.Boolean on builder class furhatos.event.monitors.MonitorGestureEnd$Builder : null
14:22:17 [Broker Client] WARN  Event:196 - Verify that the SDK/Robot and Skill have the same version of furhat-commons
14:22:20 [Broker Client] WARN  Event:194 - Could not set field completed with type class java.lang.Boolean on builder class furhatos.event.monitors.MonitorGestureEnd$Builder : null
14:22:20 [Broker Client] WARN  Event:196 - Verify that the SDK/Robot and Skill have the same version of furhat-commons
14:22:23 [Broker Client] WARN  Event:194 - Could not set field completed with type class java.lang.Boolean on builder class furhatos.event.monitors.MonitorGestureEnd$Builder : null
14:22:23 [Broker Client] WARN  Event:196 - Verify that the SDK/Robot and Skill have the same version of furhat-commons
14:22:26 [Broker Client] WARN  Event:194 - Could not set field completed with type class java.lang.Boolean on builder class furhatos.event.monitors.MonitorGestureEnd$Builder : null
14:22:26 [Broker Client] WARN  Event:196 - Verify that the SDK/Robot and Skill have the same version of furhat-commons
14:22:26 [Broker Client] WARN  Event:194 - Could not set field completed with type class java.lang.Boolean on builder class furhatos.event.monitors.MonitorGestureEnd$Builder : null
14:22:26 [Broker Client] WARN  Event:196 - Verify that the SDK/Robot and Skill have the same version of furhat-commons
14:22:28 [Broker Client] WARN  Event:194 - Could not set field completed with type class java.lang.Boolean on builder class furhatos.event.monitors.MonitorGestureEnd$Builder : null
14:22:28 [Broker Client] WARN  Event:196 - Verify that the SDK/Robot and Skill have the same version of furhat-commons
14:22:28 [Broker Client] WARN  Event:194 - Could not set field completed with type class java.lang.Boolean on builder class furhatos.event.monitors.MonitorGestureEnd$Builder : null
14:22:28 [Broker Client] WARN  Event:196 - Verify that the SDK/Robot and Skill have the same version of furhat-commons
14:22:31 [Broker Client] WARN  Event:194 - Could not set field completed with type class java.lang.Boolean on builder class furhatos.event.monitors.MonitorGestureEnd$Builder : null
14:22:31 [Broker Client] WARN  Event:196 - Verify that the SDK/Robot and Skill have the same version of furhat-commons
14:22:31 [Broker Client] WARN  Event:194 - Could not set field completed with type class java.lang.Boolean on builder class furhatos.event.monitors.MonitorGestureEnd$Builder : null
14:22:31 [Broker Client] WARN  Event:196 - Verify that the SDK/Robot and Skill have the same version of furhat-commons
14:22:34 [Broker Client] WARN  Event:194 - Could not set field completed with type class java.lang.Boolean on builder class furhatos.event.monitors.MonitorGestureEnd$Builder : null
14:22:34 [Broker Client] WARN  Event:196 - Verify that the SDK/Robot and Skill have the same version of furhat-commons
14:22:36 [Broker Client] WARN  Event:194 - Could not set field completed with type class java.lang.Boolean on builder class furhatos.event.monitors.MonitorGestureEnd$Builder : null
14:22:36 [Broker Client] WARN  Event:196 - Verify that the SDK/Robot and Skill have the same version of furhat-commons
14:22:37 [Broker Client] WARN  Event:194 - Could not set field completed with type class java.lang.Boolean on builder class furhatos.event.monitors.MonitorGestureEnd$Builder : null
14:22:37 [Broker Client] WARN  Event:196 - Verify that the SDK/Robot and Skill have the same version of furhat-commons
14:22:38 [Broker Client] WARN  Event:194 - Could not set field completed with type class java.lang.Boolean on builder class furhatos.event.monitors.MonitorGestureEnd$Builder : null
14:22:38 [Broker Client] WARN  Event:196 - Verify that the SDK/Robot and Skill have the same version of furhat-commons
14:22:39 [Broker Client] WARN  Event:194 - Could not set field completed with type class java.lang.Boolean on builder class furhatos.event.monitors.MonitorGestureEnd$Builder : null
14:22:39 [Broker Client] WARN  Event:196 - Verify that the SDK/Robot and Skill have the same version of furhat-commons
14:22:43 [Broker Client] WARN  Event:194 - Could not set field completed with type class java.lang.Boolean on builder class furhatos.event.monitors.MonitorGestureEnd$Builder : null
14:22:43 [Broker Client] WARN  Event:196 - Verify that the SDK/Robot and Skill have the same version of furhat-commons
14:22:44 [Broker Client] WARN  Event:194 - Could not set field completed with type class java.lang.Boolean on builder class furhatos.event.monitors.MonitorGestureEnd$Builder : null
14:22:44 [Broker Client] WARN  Event:196 - Verify that the SDK/Robot and Skill have the same version of furhat-commons
14:22:45 [Broker Client] WARN  Event:194 - Could not set field completed with type class java.lang.Boolean on builder class furhatos.event.monitors.MonitorGestureEnd$Builder : null
14:22:45 [Broker Client] WARN  Event:196 - Verify that the SDK/Robot and Skill have the same version of furhat-commons
14:22:47 [Broker Client] WARN  Event:194 - Could not set field completed with type class java.lang.Boolean on builder class furhatos.event.monitors.MonitorGestureEnd$Builder : null
14:22:47 [Broker Client] WARN  Event:196 - Verify that the SDK/Robot and Skill have the same version of furhat-commons
14:22:50 [Broker Client] WARN  Event:194 - Could not set field completed with type class java.lang.Boolean on builder class furhatos.event.monitors.MonitorGestureEnd$Builder : null
14:22:50 [Broker Client] WARN  Event:196 - Verify that the SDK/Robot and Skill have the same version of furhat-commons
14:22:53 [Broker Client] WARN  Event:194 - Could not set field completed with type class java.lang.Boolean on builder class furhatos.event.monitors.MonitorGestureEnd$Builder : null
14:22:53 [Broker Client] WARN  Event:196 - Verify that the SDK/Robot and Skill have the same version of furhat-commons
14:22:53 [Broker Client] WARN  Event:194 - Could not set field completed with type class java.lang.Boolean on builder class furhatos.event.monitors.MonitorGestureEnd$Builder : null
14:22:53 [Broker Client] WARN  Event:196 - Verify that the SDK/Robot and Skill have the same version of furhat-commons
14:22:54 [Broker Client] WARN  Event:194 - Could not set field completed with type class java.lang.Boolean on builder class furhatos.event.monitors.MonitorGestureEnd$Builder : null
14:22:54 [Broker Client] WARN  Event:196 - Verify that the SDK/Robot and Skill have the same version of furhat-commons
14:22:56 [Broker Client] WARN  Event:194 - Could not set field completed with type class java.lang.Boolean on builder class furhatos.event.monitors.MonitorGestureEnd$Builder : null
14:22:56 [Broker Client] WARN  Event:196 - Verify that the SDK/Robot and Skill have the same version of furhat-commons
14:22:56 [Broker Client] WARN  Event:194 - Could not set field completed with type class java.lang.Boolean on builder class furhatos.event.monitors.MonitorGestureEnd$Builder : null
14:22:56 [Broker Client] WARN  Event:196 - Verify that the SDK/Robot and Skill have the same version of furhat-commons
14:22:57 [Broker Client] WARN  Event:194 - Could not set field completed with type class java.lang.Boolean on builder class furhatos.event.monitors.MonitorGestureEnd$Builder : null
14:22:57 [Broker Client] WARN  Event:196 - Verify that the SDK/Robot and Skill have the same version of furhat-commons
14:22:59 [Broker Client] WARN  Event:194 - Could not set field completed with type class java.lang.Boolean on builder class furhatos.event.monitors.MonitorGestureEnd$Builder : null
14:22:59 [Broker Client] WARN  Event:196 - Verify that the SDK/Robot and Skill have the same version of furhat-commons
14:22:59 [Broker Client] WARN  Event:194 - Could not set field completed with type class java.lang.Boolean on builder class furhatos.event.monitors.MonitorGestureEnd$Builder : null
14:22:59 [Broker Client] WARN  Event:196 - Verify that the SDK/Robot and Skill have the same version of furhat-commons
14:23:00 [Broker Client] WARN  Event:194 - Could not set field completed with type class java.lang.Boolean on builder class furhatos.event.monitors.MonitorGestureEnd$Builder : null
14:23:00 [Broker Client] WARN  Event:196 - Verify that the SDK/Robot and Skill have the same version of furhat-commons
14:23:01 [Broker Client] WARN  Event:194 - Could not set field completed with type class java.lang.Boolean on builder class furhatos.event.monitors.MonitorGestureEnd$Builder : null
14:23:01 [Broker Client] WARN  Event:196 - Verify that the SDK/Robot and Skill have the same version of furhat-commons
14:23:02 [Broker Client] WARN  Event:194 - Could not set field completed with type class java.lang.Boolean on builder class furhatos.event.monitors.MonitorGestureEnd$Builder : null
14:23:02 [Broker Client] WARN  Event:196 - Verify that the SDK/Robot and Skill have the same version of furhat-commons
14:23:03 [Broker Client] WARN  Event:194 - Could not set field completed with type class java.lang.Boolean on builder class furhatos.event.monitors.MonitorGestureEnd$Builder : null
14:23:03 [Broker Client] WARN  Event:196 - Verify that the SDK/Robot and Skill have the same version of furhat-commons
14:23:04 [Broker Client] WARN  Event:194 - Could not set field completed with type class java.lang.Boolean on builder class furhatos.event.monitors.MonitorGestureEnd$Builder : null
14:23:04 [Broker Client] WARN  Event:196 - Verify that the SDK/Robot and Skill have the same version of furhat-commons
14:23:05 [Broker Client] WARN  Event:194 - Could not set field completed with type class java.lang.Boolean on builder class furhatos.event.monitors.MonitorGestureEnd$Builder : null
14:23:05 [Broker Client] WARN  Event:196 - Verify that the SDK/Robot and Skill have the same version of furhat-commons
14:23:08 [Broker Client] WARN  Event:194 - Could not set field completed with type class java.lang.Boolean on builder class furhatos.event.monitors.MonitorGestureEnd$Builder : null
14:23:08 [Broker Client] WARN  Event:196 - Verify that the SDK/Robot and Skill have the same version of furhat-commons
14:23:10 [Broker Client] WARN  Event:194 - Could not set field completed with type class java.lang.Boolean on builder class furhatos.event.monitors.MonitorGestureEnd$Builder : null
14:23:10 [Broker Client] WARN  Event:196 - Verify that the SDK/Robot and Skill have the same version of furhat-commons
14:23:10 [Broker Client] WARN  Event:194 - Could not set field completed with type class java.lang.Boolean on builder class furhatos.event.monitors.MonitorGestureEnd$Builder : null
14:23:10 [Broker Client] WARN  Event:196 - Verify that the SDK/Robot and Skill have the same version of furhat-commons
14:23:11 [Broker Client] WARN  Event:194 - Could not set field completed with type class java.lang.Boolean on builder class furhatos.event.monitors.MonitorGestureEnd$Builder : null
14:23:11 [Broker Client] WARN  Event:196 - Verify that the SDK/Robot and Skill have the same version of furhat-commons
14:23:13 [Broker Client] WARN  Event:194 - Could not set field completed with type class java.lang.Boolean on builder class furhatos.event.monitors.MonitorGestureEnd$Builder : null
14:23:13 [Broker Client] WARN  Event:196 - Verify that the SDK/Robot and Skill have the same version of furhat-commons
14:23:14 [Broker Client] WARN  Event:194 - Could not set field completed with type class java.lang.Boolean on builder class furhatos.event.monitors.MonitorGestureEnd$Builder : null
14:23:14 [Broker Client] WARN  Event:196 - Verify that the SDK/Robot and Skill have the same version of furhat-commons
14:23:15 [Broker Client] WARN  Event:194 - Could not set field completed with type class java.lang.Boolean on builder class furhatos.event.monitors.MonitorGestureEnd$Builder : null
14:23:15 [Broker Client] WARN  Event:196 - Verify that the SDK/Robot and Skill have the same version of furhat-commons
14:23:17 [Broker Client] WARN  Event:194 - Could not set field completed with type class java.lang.Boolean on builder class furhatos.event.monitors.MonitorGestureEnd$Builder : null
14:23:17 [Broker Client] WARN  Event:196 - Verify that the SDK/Robot and Skill have the same version of furhat-commons
14:23:19 [Broker Client] WARN  Event:194 - Could not set field completed with type class java.lang.Boolean on builder class furhatos.event.monitors.MonitorGestureEnd$Builder : null
14:23:19 [Broker Client] WARN  Event:196 - Verify that the SDK/Robot and Skill have the same version of furhat-commons
14:23:21 [Broker Client] WARN  Event:194 - Could not set field completed with type class java.lang.Boolean on builder class furhatos.event.monitors.MonitorGestureEnd$Builder : null
14:23:21 [Broker Client] WARN  Event:196 - Verify that the SDK/Robot and Skill have the same version of furhat-commons
14:23:22 [Broker Client] WARN  Event:194 - Could not set field completed with type class java.lang.Boolean on builder class furhatos.event.monitors.MonitorGestureEnd$Builder : null
14:23:22 [Broker Client] WARN  Event:196 - Verify that the SDK/Robot and Skill have the same version of furhat-commons
14:23:22 [Broker Client] WARN  Event:194 - Could not set field completed with type class java.lang.Boolean on builder class furhatos.event.monitors.MonitorGestureEnd$Builder : null
14:23:22 [Broker Client] WARN  Event:196 - Verify that the SDK/Robot and Skill have the same version of furhat-commons
14:23:24 [Broker Client] WARN  Event:194 - Could not set field completed with type class java.lang.Boolean on builder class furhatos.event.monitors.MonitorGestureEnd$Builder : null
14:23:24 [Broker Client] WARN  Event:196 - Verify that the SDK/Robot and Skill have the same version of furhat-commons
14:23:32 [Broker Client] WARN  Event:194 - Could not set field completed with type class java.lang.Boolean on builder class furhatos.event.monitors.MonitorGestureEnd$Builder : null
14:23:32 [Broker Client] WARN  Event:196 - Verify that the SDK/Robot and Skill have the same version of furhat-commons
14:23:35 [Broker Client] WARN  Event:194 - Could not set field completed with type class java.lang.Boolean on builder class furhatos.event.monitors.MonitorGestureEnd$Builder : null
14:23:35 [Broker Client] WARN  Event:196 - Verify that the SDK/Robot and Skill have the same version of furhat-commons
14:23:39 [Broker Client] WARN  Event:194 - Could not set field completed with type class java.lang.Boolean on builder class furhatos.event.monitors.MonitorGestureEnd$Builder : null
14:23:39 [Broker Client] WARN  Event:196 - Verify that the SDK/Robot and Skill have the same version of furhat-commons
14:23:41 [Broker Client] WARN  Event:194 - Could not set field completed with type class java.lang.Boolean on builder class furhatos.event.monitors.MonitorGestureEnd$Builder : null
14:23:41 [Broker Client] WARN  Event:196 - Verify that the SDK/Robot and Skill have the same version of furhat-commons
14:23:49 [Broker Client] WARN  Event:194 - Could not set field completed with type class java.lang.Boolean on builder class furhatos.event.monitors.MonitorGestureEnd$Builder : null
14:23:49 [Broker Client] WARN  Event:196 - Verify that the SDK/Robot and Skill have the same version of furhat-commons
14:23:55 [Broker Client] WARN  Event:194 - Could not set field completed with type class java.lang.Boolean on builder class furhatos.event.monitors.MonitorGestureEnd$Builder : null
14:23:55 [Broker Client] WARN  Event:196 - Verify that the SDK/Robot and Skill have the same version of furhat-commons
14:24:02 [Broker Client] WARN  Event:194 - Could not set field completed with type class java.lang.Boolean on builder class furhatos.event.monitors.MonitorGestureEnd$Builder : null
14:24:02 [Broker Client] WARN  Event:196 - Verify that the SDK/Robot and Skill have the same version of furhat-commons
14:24:08 [Broker Client] WARN  Event:194 - Could not set field completed with type class java.lang.Boolean on builder class furhatos.event.monitors.MonitorGestureEnd$Builder : null
14:24:08 [Broker Client] WARN  Event:196 - Verify that the SDK/Robot and Skill have the same version of furhat-commons
14:24:11 [Broker Client] WARN  Event:194 - Could not set field completed with type class java.lang.Boolean on builder class furhatos.event.monitors.MonitorGestureEnd$Builder : null
14:24:11 [Broker Client] WARN  Event:196 - Verify that the SDK/Robot and Skill have the same version of furhat-commons
14:24:13 [Broker Client] WARN  Event:194 - Could not set field completed with type class java.lang.Boolean on builder class furhatos.event.monitors.MonitorGestureEnd$Builder : null
14:24:13 [Broker Client] WARN  Event:196 - Verify that the SDK/Robot and Skill have the same version of furhat-commons
14:24:20 [Broker Client] WARN  Event:194 - Could not set field completed with type class java.lang.Boolean on builder class furhatos.event.monitors.MonitorGestureEnd$Builder : null
14:24:20 [Broker Client] WARN  Event:196 - Verify that the SDK/Robot and Skill have the same version of furhat-commons
14:24:26 [Broker Client] WARN  Event:194 - Could not set field completed with type class java.lang.Boolean on builder class furhatos.event.monitors.MonitorGestureEnd$Builder : null
14:24:26 [Broker Client] WARN  Event:196 - Verify that the SDK/Robot and Skill have the same version of furhat-commons
14:24:33 [Broker Client] WARN  Event:194 - Could not set field completed with type class java.lang.Boolean on builder class furhatos.event.monitors.MonitorGestureEnd$Builder : null
14:24:33 [Broker Client] WARN  Event:196 - Verify that the SDK/Robot and Skill have the same version of furhat-commons
14:24:38 [Broker Client] WARN  Event:194 - Could not set field completed with type class java.lang.Boolean on builder class furhatos.event.monitors.MonitorGestureEnd$Builder : null
14:24:38 [Broker Client] WARN  Event:196 - Verify that the SDK/Robot and Skill have the same version of furhat-commons
14:24:40 [EventSystem] INFO  FruitsellertemplateSkill:184 - Terminating skill
14:24:40 [Broker Client] WARN  Event:194 - Could not set field hash with type class java.lang.String on builder class furhatos.event.monitors.MonitorSkillTerminate$Builder : null
